C51 COMPILER V9.60.7.0   TASK_15_2                                                         09/24/2024 10:58:00 PAGE 1   


C51 COMPILER V9.60.7.0, COMPILATION OF MODULE TASK_15_2
OBJECT MODULE PLACED IN .\Objects\Task_15_2.obj
COMPILER INVOKED BY: C:\Keil_v5\C51\BIN\C51.EXE Task_15_2.c OPTIMIZE(8,SPEED) BROWSE DEBUG OBJECTEXTEND PRINT(.\Listings
                    -\Task_15_2.lst) TABS(2) OBJECT(.\Objects\Task_15_2.obj)

line level    source

   1          #include <reg51.h>
   2          
   3          // Delay function to create a short delay
   4          void lcd_delay() {
   5   1          unsigned int i;
   6   1          for (i = 0; i <= 70; i++);
   7   1      }
   8          
   9          // Function to send a character via UART
  10          void uart_transmit(char c) {
  11   1          SBUF = c;                   // Place character in buffer
  12   1          while (TI == 0);            // Wait until transmission is complete
  13   1          TI = 0;                     // Clear the transmission interrupt flag
  14   1      }
  15          
  16          // Function to send a string via UART
  17          void uart_transmit_string(char *s) {
  18   1          while (*s) {
  19   2              uart_transmit(*s++);    // Send each character
  20   2          }
  21   1      }
  22          
  23          void main(void) {
  24   1          TMOD = 0x20;            // Use Timer 1, mode 2
  25   1          TH1 = 0xFD;             // 9600 baud rate
  26   1          SCON = 0x50;            // Mode 1: 8-bit UART, variable baud rate
  27   1          TR1 = 1;                // Start Timer 1
  28   1      
  29   1          while (1) {
  30   2              uart_transmit_string("Hello World\n\r");      // Send string via UART
  31   2              lcd_delay();                            // Short delay
  32   2          }
  33   1      }


MODULE INFORMATION:   STATIC OVERLAYABLE
   CODE SIZE        =     85    ----
   CONSTANT SIZE    =     14    ----
   XDATA SIZE       =   ----    ----
   PDATA SIZE       =   ----    ----
   DATA SIZE        =   ----       3
   IDATA SIZE       =   ----    ----
   BIT SIZE         =   ----    ----
END OF MODULE INFORMATION.


C51 COMPILATION COMPLETE.  0 WARNING(S),  0 ERROR(S)
