C51 COMPILER V9.60.7.0   DS1302                                                            09/24/2024 13:16:21 PAGE 1   


C51 COMPILER V9.60.7.0, COMPILATION OF MODULE DS1302
OBJECT MODULE PLACED IN .\Objects\DS1302.obj
COMPILER INVOKED BY: C:\Keil_v5\C51\BIN\C51.EXE DS1302.c OPTIMIZE(8,SPEED) BROWSE DEBUG OBJECTEXTEND PRINT(.\Listings\DS
                    -1302.lst) TABS(2) OBJECT(.\Objects\DS1302.obj)

line level    source

   1          #include <reg52.h>
   2          
   3          sbit DS1302_SCLK = P3^6;
   4          sbit DS1302_IO = P3^4;
   5          sbit DS1302_CE = P3^5;
   6          
   7          
   8          #define DS1302_SECOND 0x80
   9          #define DS1302_MINUTE 0x82
  10          #define DS1302_HOUR 0x84
  11          #define DS1302_DATE 0x86
  12          #define DS1302_MONTH 0x88
  13          #define DS1302_DAY 0x8A
  14          #define DS1302_YEAR 0x8C
  15          #define DS1302_WP 0x8E 
  16          
  17          
  18          unsigned int DS1302_Time[] = {23, 12, 31, 23, 59, 50, 6};
  19          
  20          //// DS1302 
  21          //void DS1302_Init() {
  22          //  DS1302_CE = 0;
  23          //  DS1302_SCLK = 0;
  24          //}
  25          
  26          void DS1302_Init() 
  27            {
  28   1          DS1302_CE = 0;
  29   1          DS1302_SCLK = 0;
  30   1          DS1302_IO = 0; // Set IO to low as default
  31   1        }
  32           
  33          
  34          void DS1302_WriteByte(unsigned char Command, Data) 
  35            {
  36   1          unsigned int i;
  37   1      
  38   1          DS1302_CE = 1;
  39   1      
  40   1          for (i = 0; i < 8; i++) {
  41   2            DS1302_IO = Command & (0x01 << i);
  42   2            DS1302_SCLK = 1; 
  43   2            DS1302_SCLK = 0;
  44   2          }
  45   1      
  46   1          for (i = 0; i < 8; i++) 
  47   1          {
  48   2            DS1302_IO = Data & (0x01 << i);
  49   2            DS1302_SCLK = 1;
  50   2            DS1302_SCLK = 0;
  51   2          }
  52   1          DS1302_CE = 0;
  53   1        }
  54            
C51 COMPILER V9.60.7.0   DS1302                                                            09/24/2024 13:16:21 PAGE 2   

  55          
  56          
  57          unsigned char DS1302_ReadByte(unsigned char Command) 
  58            {
  59   1          unsigned char i, Data = 0x00;
  60   1          Command |= 0x01;
  61   1          DS1302_CE = 1;
  62   1      
  63   1          for (i = 0; i < 8; i++) 
  64   1            {
  65   2              DS1302_IO = Command & (0x01 << i);
  66   2              DS1302_SCLK = 0;
  67   2              DS1302_SCLK = 1;
  68   2            }
  69   1            
  70   1            DS1302_IO = 1;  // Set to input mode
  71   1      
  72   1          for (i = 0; i < 8; i++) 
  73   1            {
  74   2              DS1302_SCLK = 1;
  75   2              DS1302_SCLK = 0;
  76   2      
  77   2              if (DS1302_IO) 
  78   2                {
  79   3                  Data |= (0x01 << i);
  80   3                }
  81   2            }
  82   1      
  83   1          DS1302_CE = 0;
  84   1          DS1302_IO = 0; // ??????10??0,????????
  85   1      
  86   1          return Data;
  87   1        }
  88          
  89          
  90          
  91          void DS1302_SetTime()
  92          {
  93   1        DS1302_WriteByte(DS1302_WP, 0x00);
  94   1        DS1302_WriteByte(DS1302_YEAR, DS1302_Time[0] /10*16 + DS1302_Time[0]%10);
  95   1        DS1302_WriteByte(DS1302_MONTH, DS1302_Time[1] /10*16 + DS1302_Time[1]%10);
  96   1        DS1302_WriteByte(DS1302_DATE, DS1302_Time[2] /10*16 + DS1302_Time[2]%10);
  97   1        DS1302_WriteByte(DS1302_HOUR, DS1302_Time[3] /10*16 + DS1302_Time[3]%10);
  98   1        DS1302_WriteByte(DS1302_MINUTE, DS1302_Time[4] /10*16 + DS1302_Time[4]%10);
  99   1        DS1302_WriteByte(DS1302_SECOND, DS1302_Time[5] /10*16 + DS1302_Time[5]%10);
 100   1        DS1302_WriteByte(DS1302_DAY, DS1302_Time[6] /10*16 + DS1302_Time[6]%10);
 101   1        DS1302_WriteByte(DS1302_WP, 0x80);
 102   1      }
 103          
 104          
 105          void DS1302_ReadTime()
 106          {
 107   1        unsigned int Temp;
 108   1        Temp = DS1302_ReadByte(DS1302_YEAR);
 109   1        DS1302_Time[0] = Temp/16*10+Temp%16;
 110   1        Temp = DS1302_ReadByte(DS1302_MONTH);
 111   1        DS1302_Time[1] = Temp/16*10+Temp%16;
 112   1        Temp = DS1302_ReadByte(DS1302_DATE);
 113   1        DS1302_Time[2] = Temp/16*10+Temp%16;
 114   1        Temp = DS1302_ReadByte(DS1302_HOUR);
 115   1        DS1302_Time[3] = Temp/16*10+Temp%16;
 116   1        Temp = DS1302_ReadByte(DS1302_MINUTE);
C51 COMPILER V9.60.7.0   DS1302                                                            09/24/2024 13:16:21 PAGE 3   

 117   1        DS1302_Time[4] = Temp/16*10+Temp%16;
 118   1        Temp = DS1302_ReadByte(DS1302_SECOND);
 119   1        DS1302_Time[5] = Temp/16*10+Temp%16;
 120   1        Temp = DS1302_ReadByte(DS1302_DAY);
 121   1        DS1302_Time[6] = Temp/16*10+Temp%16;  
 122   1      }
 123          
 124          
 125          


MODULE INFORMATION:   STATIC OVERLAYABLE
   CODE SIZE        =    787    ----
   CONSTANT SIZE    =   ----    ----
   XDATA SIZE       =   ----    ----
   PDATA SIZE       =   ----    ----
   DATA SIZE        =     14       2
   IDATA SIZE       =   ----    ----
   BIT SIZE         =   ----    ----
END OF MODULE INFORMATION.


C51 COMPILATION COMPLETE.  0 WARNING(S),  0 ERROR(S)
