C51 COMPILER V9.60.7.0   MAIN                                                              09/24/2024 13:16:21 PAGE 1   


C51 COMPILER V9.60.7.0, COMPILATION OF MODULE MAIN
OBJECT MODULE PLACED IN .\Objects\main.obj
COMPILER INVOKED BY: C:\Keil_v5\C51\BIN\C51.EXE main.c OPTIMIZE(8,SPEED) BROWSE DEBUG OBJECTEXTEND PRINT(.\Listings\main
                    -.lst) TABS(2) OBJECT(.\Objects\main.obj)

line level    source

   1          #include <reg52.h>
   2          #include "Ds1302.h"
   3          #include "LCD1602.h"
   4          
   5          void main() {
   6   1          LCD_Init();
   7   1          DS1302_Init();
   8   1      
   9   1          // Initialize the LCD with labels and placeholders
  10   1          LCD_ShowString(1, 1, "Date: ");
  11   1          LCD_ShowString(2, 1, "Time: ");
  12   1      
  13   1          DS1302_SetTime();
  14   1      
  15   1          while (1) {
  16   2              DS1302_ReadTime();
  17   2      
  18   2              // Display Date
  19   2              LCD_ShowNum(1, 7, DS1302_Time[2], 2); // Day
  20   2              LCD_ShowChar(1, 9, '/');
  21   2              LCD_ShowNum(1, 10, DS1302_Time[1], 2); // Month
  22   2              LCD_ShowChar(1, 12, '/');
  23   2              LCD_ShowNum(1, 13, DS1302_Time[0], 2); // Year
  24   2      
  25   2              // Display Time
  26   2              LCD_ShowNum(2, 7, DS1302_Time[3], 2); // Hour
  27   2              LCD_ShowChar(2, 9, ':');
  28   2              LCD_ShowNum(2, 10, DS1302_Time[4], 2); // Minute
  29   2              LCD_ShowChar(2, 12, ':');
  30   2              LCD_ShowNum(2, 13, DS1302_Time[5], 2); // Second
  31   2          }
  32   1      }
  33          
  34          
  35          
  36          
  37          
  38          
  39          
  40          
  41          
  42          
  43          
  44          
  45          
  46          
  47          
  48          
  49          
  50          
  51          
  52          
  53          //#include <reg52.H>
  54          //#include "Ds1302.h"
C51 COMPILER V9.60.7.0   MAIN                                                              09/24/2024 13:16:21 PAGE 2   

  55          //#include "LCD1602.h"
  56          
  57          //void main() {
  58          //  LCD_Init();
  59          //  DS1302_Init();
  60          //  LCD_ShowString(1, 1, "  /  /  ");
  61          //  LCD_ShowString(2, 1, "  :  :  ");
  62          //  DS1302_SetTime();
  63          
  64          //  while (1) {
  65          //    DS1302_ReadTime();
  66          
  67          //    LCD_ShowNum(1, 1, DS1302_Time[0], 2);
  68          //    LCD_ShowNum(1, 4, DS1302_Time[1], 2);
  69          //    LCD_ShowNum(1, 7, DS1302_Time[2], 2);
  70          //    LCD_ShowNum(2, 1, DS1302_Time[3], 2);
  71          //    LCD_ShowNum(2, 4, DS1302_Time[4], 2);
  72          //    LCD_ShowNum(2, 7, DS1302_Time[5], 2);
  73          //  }
  74          //}
  75          
  76          
  77          
  78          
  79          
  80          


MODULE INFORMATION:   STATIC OVERLAYABLE
   CODE SIZE        =    160    ----
   CONSTANT SIZE    =     14    ----
   XDATA SIZE       =   ----    ----
   PDATA SIZE       =   ----    ----
   DATA SIZE        =   ----    ----
   IDATA SIZE       =   ----    ----
   BIT SIZE         =   ----    ----
END OF MODULE INFORMATION.


C51 COMPILATION COMPLETE.  0 WARNING(S),  0 ERROR(S)
