C51 COMPILER V9.60.7.0   KEYPAD                                                            09/19/2024 12:20:38 PAGE 1   


C51 COMPILER V9.60.7.0, COMPILATION OF MODULE KEYPAD
OBJECT MODULE PLACED IN .\Objects\KEYPAD.obj
COMPILER INVOKED BY: C:\Keil_v5\C51\BIN\C51.EXE KEYPAD.c OPTIMIZE(8,SPEED) BROWSE DEBUG OBJECTEXTEND PRINT(.\Listings\KE
                    -YPAD.lst) TABS(2) OBJECT(.\Objects\KEYPAD.obj)

line level    source

   1          #include <reg51.h>
   2          #include "LCD.h"
   3          #include "KEYPAD.h"
   4          #include "eeprom.h"
   5          
   6          
   7          
   8          
   9          unsigned char counter =0;
  10          
  11          sbit C4=P1^0;
  12          sbit C3=P1^1;
  13          sbit C2=P1^2;
  14          sbit C1=P1^3;
  15          sbit R4=P1^4;
  16          sbit R3=P1^5;
  17          sbit R2=P1^6;
  18          sbit R1=P1^7;
  19          //char key  = '\0' ;
  20          
  21          void Beep (unsigned int duration)
  22          {
  23   1        //To convert passive Buzzer into Active Buzzer we Generate Crystal frequency through coding.
  24   1        unsigned char i,j,k;
  25   1        for(k=0; k<=duration; k++)
  26   1        {
  27   2          for(i=0; i<250; i++)
  28   2          {
  29   3            R3=0;
  30   3            for(j=0; j<50; j++);
  31   3            R3=1;
  32   3            for(j=0; j<50; j++);
  33   3          }
  34   2           Delay1(500);
  35   2        }
  36   1      }
  37          
  38          
  39          char keypad ()
  40          {
  41   1         while(1)     
  42   1        {
  43   2        R1=0; R2=1; R3=1; R4=1;            //Ground Row 1,and check coloum
  44   2             if(C1==0)                                         //Ground coloum 1 ,if this button press
  45   2             {  Delay1(100);
  46   3               while(C1==0)
  47   3                 { Beep(1);  return '7';}
  48   3                 
  49   3             }  
  50   2              
  51   2             if(C2==0)                                      
  52   2             {     Delay1(100);
  53   3                   while(C2==0)
  54   3                   { Beep(1);return '8';}  
C51 COMPILER V9.60.7.0   KEYPAD                                                            09/19/2024 12:20:38 PAGE 2   

  55   3             }       
  56   2              
  57   2             if(C3==0)
  58   2             {   Delay1(100); while(C3==0)
  59   3                { Beep(1);return '9';}  
  60   3             }
  61   2             
  62   2             if(C4==0)
  63   2             {    Delay1(100);
  64   3                while(C4==0)
  65   3                { Beep(1);return '/';} 
  66   3             
  67   3             }
  68   2         
  69   2        R1=1; R2=0; R3=1; R4=1;                             //Ground Row 2,and check coloum 
  70   2             if(C1==0)                                      //Ground coloum 1 ,if this button press
  71   2             {   Delay1(100);
  72   3                 while(C1==0)
  73   3                { Beep(1);return '4';} 
  74   3      
  75   3      
  76   3             }  //return the Value4, Delay is used for Debouning, while(C1==0) is used that button is detected only
             - once;
  77   2              if(C2==0)
  78   2             {  Delay1(100);
  79   3                 while(C2==0)
  80   3                { Beep(1);return '5';} 
  81   3             }
  82   2              if(C3==0)
  83   2             {  Delay1(100);
  84   3               while(C3==0)
  85   3                { Beep(1);return '6';} 
  86   3      
  87   3             }
  88   2              if(C4==0)
  89   2             {  Delay1(100);
  90   3               while(C4==0)
  91   3                { Beep(1);return '*';}   }
  92   2             
  93   2        R1=1; R2=1; R3=0; R4=1;                               //Ground Row 3,and check coloum
  94   2             if(C1==0)
  95   2             {  Delay1(100);
  96   3               while(C1==0)
  97   3                { Beep(1);return '1';} 
  98   3      
  99   3             } 
 100   2              if(C2==0)
 101   2             {  Delay1(100);
 102   3               while(C2==0)
 103   3                { Beep(1);return '2';} 
 104   3             }
 105   2              if(C3==0)
 106   2             {  Delay1(100);
 107   3               while(C3==0)
 108   3                { Beep(1);return '3';}   
 109   3             }
 110   2              if(C4==0)
 111   2             {  Delay1(100);
 112   3               while(C4==0)
 113   3                { Beep(1);return '-';}   }
 114   2             
 115   2             
C51 COMPILER V9.60.7.0   KEYPAD                                                            09/19/2024 12:20:38 PAGE 3   

 116   2        R1=1; R2=1; R3=1; R4=0;                               //Ground Row 4,and check coloum
 117   2             if(C1==0)
 118   2             {   //Delay(100);
 119   3               while (C1 == 0 && counter<10) 
 120   3               { Beep(1);  
 121   4                   counter++;  Timmer_Delay(160);
 122   4               }
 123   3               if(counter>=10)
 124   3                  {return 'c';}
 125   3                else
 126   3                  {return 'C';}
 127   3             } 
 128   2             
 129   2             
 130   2              if(C2==0)
 131   2             {  
 132   3               Delay1(100);
 133   3               while(C2==0)
 134   3                { Beep(1);return '0';}  
 135   3             
 136   3             }  
 137   2              if(C3==0)
 138   2             {  Delay1(100);
 139   3                while(C3==0)
 140   3                { Beep(1);return '=';}  
 141   3             }
 142   2              if(C4==0)
 143   2             {   Delay1(100);
 144   3                 while(C4==0)
 145   3                { Beep(1);return '+';} 
 146   3             }
 147   2         
 148   2         R4=1;
 149   2             
 150   2           }
 151   1      }
 152          
 153          
 154          //void main ()
 155          //{
 156          //  
 157          //   lcd_init();
 158          
 159          //  while(1)
 160          //  {
 161          ////    lcd_command(0x80);
 162          ////    lcd_string("ENTER THE KEY");
 163          ////  lcd_set_cursor(1, 0);
 164          //  keypad();
 165          //  
 166          
 167          //  }
 168          //}
 169          
 170          


MODULE INFORMATION:   STATIC OVERLAYABLE
   CODE SIZE        =    415    ----
   CONSTANT SIZE    =   ----    ----
   XDATA SIZE       =   ----    ----
   PDATA SIZE       =   ----    ----
C51 COMPILER V9.60.7.0   KEYPAD                                                            09/19/2024 12:20:38 PAGE 4   

   DATA SIZE        =      1       3
   IDATA SIZE       =   ----    ----
   BIT SIZE         =   ----    ----
END OF MODULE INFORMATION.


C51 COMPILATION COMPLETE.  0 WARNING(S),  0 ERROR(S)
