C51 COMPILER V9.60.7.0   LCD                                                               09/23/2024 15:35:09 PAGE 1   


C51 COMPILER V9.60.7.0, COMPILATION OF MODULE LCD
OBJECT MODULE PLACED IN .\Objects\LCD.obj
COMPILER INVOKED BY: C:\Keil_v5\C51\BIN\C51.EXE LCD.c OPTIMIZE(8,SPEED) BROWSE DEBUG OBJECTEXTEND PRINT(.\Listings\LCD.l
                    -st) TABS(2) OBJECT(.\Objects\LCD.obj)

line level    source

   1          #include <stdio.h>
   2          #include <reg51.h>
   3          
   4          
   5          // Define the data port for the LCD
   6          #define lcd_data P0
   7          
   8          // Define control pins for the LCD
   9          sbit rs = P2^6;  // Register select pin
  10          sbit rw = P2^5;  // Read/Write pin
  11          sbit en = P2^7;  // Enable pin
  12          
  13          
  14          // Function prototypes
  15          void lcd_init();           // Initialize the LCD
  16          void cmd(unsigned char a); // Send command to the LCD
  17          void dat(unsigned char b); // Send data to the LCD
  18          void show(unsigned char *s); // Display a string on the LCD
  19          void lcd_delay();         // Delay function for LCD
  20          
  21          
  22          // Function to initialize the LCD
  23          void lcd_init()
  24          {
  25   1          cmd(0x38); // Initialize the LCD in 8-bit mode, 2 lines, 5x7 matrix
  26   1          cmd(0x0e); // Display ON, cursor ON
  27   1          cmd(0x01); // Clear display screen
  28   1          cmd(0x06); // Entry mode, auto increment with no shift
  29   1          cmd(0x0c); // Display ON, cursor OFF
  30   1          cmd(0x80); // Set cursor position to the beginning of the first line
  31   1      }
  32          
  33          
  34          // Function to send a command to the LCD
  35          void cmd(unsigned char a)
  36          {
  37   1          lcd_data = a; // Send command to data port
  38   1          rs = 0;       // Select command register
  39   1          rw = 0;       // Write operation
  40   1          en = 1;       // Generate enable pulse
  41   1          lcd_delay();  // Wait for the command to be processed
  42   1          en = 0;       // End enable pulse
  43   1      }
  44          
  45          
  46          // Function to send data to the LCD
  47          void dat(unsigned char b)
  48          {
  49   1          lcd_data = b; // Send data to data port
  50   1          rs = 1;       // Select data register
  51   1          rw = 0;       // Write operation
  52   1          en = 1;       // Generate enable pulse
  53   1          lcd_delay();  // Wait for the data to be processed
  54   1          en = 0;       // End enable pulse
C51 COMPILER V9.60.7.0   LCD                                                               09/23/2024 15:35:09 PAGE 2   

  55   1      }
  56          
  57          
  58          // Function to display a string on the LCD
  59          void show(unsigned char *s)
  60          {
  61   1          while(*s) {   // Loop until the end of the string
  62   2              dat(*s++); // Send each character to the LCD
  63   2          }
  64   1      }
  65          
  66          
  67          // Delay function for LCD timing
  68          void lcd_delay()
  69          {
  70   1          unsigned int lcd_delay;
  71   1          for(lcd_delay = 0; lcd_delay <= 6000; lcd_delay++); // Simple delay loop
  72   1      }


MODULE INFORMATION:   STATIC OVERLAYABLE
   CODE SIZE        =    110    ----
   CONSTANT SIZE    =   ----    ----
   XDATA SIZE       =   ----    ----
   PDATA SIZE       =   ----    ----
   DATA SIZE        =   ----       3
   IDATA SIZE       =   ----    ----
   BIT SIZE         =   ----    ----
END OF MODULE INFORMATION.


C51 COMPILATION COMPLETE.  0 WARNING(S),  0 ERROR(S)
