C51 COMPILER V9.60.7.0   TASK_10_B                                                         09/23/2024 11:03:07 PAGE 1   


C51 COMPILER V9.60.7.0, COMPILATION OF MODULE TASK_10_B
OBJECT MODULE PLACED IN .\Objects\task_10_b.obj
COMPILER INVOKED BY: C:\Keil_v5\C51\BIN\C51.EXE task_10_b.c OPTIMIZE(8,SPEED) BROWSE DEBUG OBJECTEXTEND PRINT(.\Listings
                    -\task_10_b.lst) TABS(2) OBJECT(.\Objects\task_10_b.obj)

line level    source

   1          #include <reg52.h>
   2          
   3          int cntr_100ms = 0; // Variable declaration;
   4          int cntr_1000ms = 0;
   5          char flag_100_ms = 0;
   6          char flag_1000_ms = 0;
   7          
   8          sbit LED_D1 = P2^0; // LED D1 Connected to port P2^0
   9          sbit LED_D2 = P2^1; // LED D2 Connected to port P2^1
  10          sbit LED_D3 = P2^2; // LED D3 Connected to port P2^2
  11          sbit LED_D4 = P2^3; // LED D4 Connected to port P2^3
  12          
  13          void ISR_timer0(void) interrupt 1 // Interrupt service routine of 10ms overflow
  14          {
  15   1          cntr_100ms++;
  16   1      
  17   1          if (cntr_100ms >= 2500) // If counter reaches 10 it means 100 ms have passed
  18   1          {
  19   2              LED_D1 = ~LED_D1; // Toggle the LED D1
  20   2              flag_100_ms = 1;  // Raise the 100 ms flag
  21   2              cntr_100ms = 0;   // Restart this counter
  22   2          }
  23   1      
  24   1          cntr_1000ms++;
  25   1      
  26   1          if (cntr_1000ms >= 25000) // If this counter reaches 100 it means 1000 ms have passed
  27   1          {
  28   2              LED_D2 = ~LED_D2; // Toggle the LED D2
  29   2              cntr_1000ms = 0;
  30   2              flag_1000_ms = 1; // Raise the 1000 ms flag
  31   2          }
  32   1      }
  33          
  34          void main(void)
  35          {
  36   1          IE = 0x82;           // Enable Timer 0 interrupt
  37   1          TMOD = 0x02;         // Set Timer 0 mode to 8-bit auto reload
  38   1          TH0 = -23;           // Set initial value for Timer 0 high byte
  39   1          TR0 = 1;             // Start Timer 0
  40   1      
  41   1          while (1)
  42   1          {
  43   2              if (flag_100_ms)
  44   2              {
  45   3                  flag_100_ms = 0;
  46   3                  LED_D3 = ~LED_D3; // Toggle the LED D3
  47   3                  // This block of code will execute after every 100 ms
  48   3              }
  49   2      
  50   2              if (flag_1000_ms)
  51   2              {
  52   3                  flag_1000_ms = 0;
  53   3                  LED_D4 = ~LED_D4; // Toggle the LED D4
  54   3                  // This block of code will execute after every 1000 ms
C51 COMPILER V9.60.7.0   TASK_10_B                                                         09/23/2024 11:03:07 PAGE 2   

  55   3              }
  56   2          }
  57   1      }


MODULE INFORMATION:   STATIC OVERLAYABLE
   CODE SIZE        =    100    ----
   CONSTANT SIZE    =   ----    ----
   XDATA SIZE       =   ----    ----
   PDATA SIZE       =   ----    ----
   DATA SIZE        =      6    ----
   IDATA SIZE       =   ----    ----
   BIT SIZE         =   ----    ----
END OF MODULE INFORMATION.


C51 COMPILATION COMPLETE.  0 WARNING(S),  0 ERROR(S)
