C51 COMPILER V9.60.7.0   TASK_7                                                            09/20/2024 11:46:50 PAGE 1   


C51 COMPILER V9.60.7.0, COMPILATION OF MODULE TASK_7
OBJECT MODULE PLACED IN .\Objects\task_7.obj
COMPILER INVOKED BY: C:\Keil_v5\C51\BIN\C51.EXE task_7.c OPTIMIZE(8,SPEED) BROWSE DEBUG OBJECTEXTEND PRINT(.\Listings\ta
                    -sk_7.lst) TABS(2) OBJECT(.\Objects\task_7.obj)

line level    source

   1          #include <reg51.h>
   2          sbit led1=P2^0;
   3          sbit led2=P2^1;
   4          sbit led3=P2^2;
   5          sbit led4=P2^3;
   6          
   7          sbit switch1=P3^0;    //K2 button
   8          sbit switch2=P3^1;    //K1 button
   9          sbit switch3=P3^2;    //K3 button
  10          sbit switch4=P3^3;    //K4 button
  11          
  12          void MSDelay(unsigned int);
  13          
  14          
  15          
  16          void main()
  17          {
  18   1        while(1)
  19   1        {
  20   2          if(switch1==0)
  21   2          {
  22   3            led2=~led2;
  23   3            MSDelay(250);
  24   3          }
  25   2          
  26   2          else if(switch2==0)
  27   2          {
  28   3            led1=~led1;
  29   3            MSDelay(250);
  30   3          }
  31   2          
  32   2          else if(switch3==0)
  33   2          {
  34   3            led3=~led3;
  35   3            MSDelay(250);
  36   3          }
  37   2          
  38   2          else if(switch4==0)
  39   2          {
  40   3            led4=~led4;
  41   3            MSDelay(250);
  42   3          }
  43   2        }
  44   1      }
  45          
  46          
  47          void MSDelay(unsigned int itime) {
  48   1          unsigned int i, j;
  49   1          for(i = 0; i < itime; i++)
  50   1              for(j = 0; j<114; j++);
  51   1      }
  52          
  53          

C51 COMPILER V9.60.7.0   TASK_7                                                            09/20/2024 11:46:50 PAGE 2   


MODULE INFORMATION:   STATIC OVERLAYABLE
   CODE SIZE        =     74    ----
   CONSTANT SIZE    =   ----    ----
   XDATA SIZE       =   ----    ----
   PDATA SIZE       =   ----    ----
   DATA SIZE        =   ----    ----
   IDATA SIZE       =   ----    ----
   BIT SIZE         =   ----    ----
END OF MODULE INFORMATION.


C51 COMPILATION COMPLETE.  0 WARNING(S),  0 ERROR(S)
