C51 COMPILER V9.60.7.0   LCD                                                               09/24/2024 11:52:58 PAGE 1   


C51 COMPILER V9.60.7.0, COMPILATION OF MODULE LCD
OBJECT MODULE PLACED IN .\Objects\lcd.obj
COMPILER INVOKED BY: C:\Keil_v5\C51\BIN\C51.EXE lcd.c OPTIMIZE(8,SPEED) BROWSE DEBUG OBJECTEXTEND PRINT(.\Listings\lcd.l
                    -st) TABS(2) OBJECT(.\Objects\lcd.obj)

line level    source

   1          #include "lcd.h"
   2          
   3          // Global variables
   4          char rx_buffer[BUFFER_SIZE];
   5          unsigned int buffer_index = 0;
   6          bit message_complete = 0;
   7          
   8          
   9          void UART_Init(void) {
  10   1          TMOD = 0x20;  // Timer1 mode 2 (8-bit auto-reload)
  11   1          TH1 = 0xFD;   // 9600 baud rate for 11.0592 MHz clock
  12   1          SCON = 0x50;  // 8-bit data, 1 stop bit, REN enabled
  13   1          TR1 = 1;      // Start Timer1
  14   1      }
  15          
  16          
  17          void UART_Interrupt_Init(void) 
  18            {
  19   1          EA = 1;       // Enable global interrupts
  20   1          ES = 1;       // Enable serial interrupt
  21   1        }
  22          
  23          
  24          // UART Interrupt Service Routine
  25          void UART_ISR(void) interrupt 4 
  26            {
  27   1          char received_char; 
  28   1            if (RI) {
  29   2                RI = 0;  // Clear the receive interrupt flag
  30   2      
  31   2                received_char = SBUF;  // Read the received character
  32   2                if (buffer_index < sizeof(rx_buffer) - 1) {
  33   3                    rx_buffer[buffer_index++] = received_char;
  34   3      
  35   3                    // Check for message termination
  36   3                    if (buffer_index >= 2 && rx_buffer[buffer_index - 2] == '\n' && rx_buffer[buffer_index - 1] == '\r'
             -) {
  37   4                        message_complete = 1;
  38   4                        rx_buffer[buffer_index] = '\0'; // Null-terminate the string
  39   4                    }
  40   3                } else {
  41   3                    // Buffer overflow, reset index
  42   3                    buffer_index = 0;
  43   3                }
  44   2            }
  45   1      
  46   1        }
  47          
  48          void ProcessMessage(void) {
  49   1          // Set all bits of Port 2 high to turn on all LEDs
  50   1          P2 = 0xFF;
  51   1      
  52   1          // Delay to keep LEDs on for a visible duration (simple delay)
  53   1          {
C51 COMPILER V9.60.7.0   LCD                                                               09/24/2024 11:52:58 PAGE 2   

  54   2          unsigned int i, j;
  55   2          for (i = 0; i < 50000; i++) {
  56   3              for (j = 0; j < 5; j++);
  57   3          }
  58   2        }
  59   1      
  60   1          // Turn off all LEDs
  61   1          P2 = 0x00;
  62   1      }
  63          


MODULE INFORMATION:   STATIC OVERLAYABLE
   CODE SIZE        =    174    ----
   CONSTANT SIZE    =   ----    ----
   XDATA SIZE       =   ----    ----
   PDATA SIZE       =   ----    ----
   DATA SIZE        =     52       4
   IDATA SIZE       =   ----    ----
   BIT SIZE         =      1    ----
END OF MODULE INFORMATION.


C51 COMPILATION COMPLETE.  0 WARNING(S),  0 ERROR(S)
