C51 COMPILER V9.60.7.0   MAIN                                                              09/24/2024 11:52:58 PAGE 1   


C51 COMPILER V9.60.7.0, COMPILATION OF MODULE MAIN
OBJECT MODULE PLACED IN .\Objects\main.obj
COMPILER INVOKED BY: C:\Keil_v5\C51\BIN\C51.EXE main.c OPTIMIZE(8,SPEED) BROWSE DEBUG OBJECTEXTEND PRINT(.\Listings\main
                    -.lst) TABS(2) OBJECT(.\Objects\main.obj)

line level    source

   1          #include "lcd.h"
   2          
   3          void main(void) {
   4   1          UART_Init();
   5   1          UART_Interrupt_Init();
   6   1      
   7   1          while (1) {
   8   2              if (message_complete) {
   9   3                  // Process the complete message
  10   3                  ProcessMessage();
  11   3      
  12   3                  // Clear the buffer and reset index
  13   3                  buffer_index = 0;
  14   3                  message_complete = 0;
  15   3              }
  16   2          }
  17   1      }


MODULE INFORMATION:   STATIC OVERLAYABLE
   CODE SIZE        =     21    ----
   CONSTANT SIZE    =   ----    ----
   XDATA SIZE       =   ----    ----
   PDATA SIZE       =   ----    ----
   DATA SIZE        =   ----    ----
   IDATA SIZE       =   ----    ----
   BIT SIZE         =   ----    ----
END OF MODULE INFORMATION.


C51 COMPILATION COMPLETE.  0 WARNING(S),  0 ERROR(S)
