C51 COMPILER V9.60.7.0   TASK_8                                                            09/20/2024 12:16:52 PAGE 1   


C51 COMPILER V9.60.7.0, COMPILATION OF MODULE TASK_8
OBJECT MODULE PLACED IN .\Objects\task_8.obj
COMPILER INVOKED BY: C:\Keil_v5\C51\BIN\C51.EXE task_8.c OPTIMIZE(8,SPEED) BROWSE DEBUG OBJECTEXTEND PRINT(.\Listings\ta
                    -sk_8.lst) TABS(2) OBJECT(.\Objects\task_8.obj)

line level    source

   1          #include <reg51.h>
   2          
   3          sbit led1=P2^0;
   4          sbit led2=P2^1;
   5          sbit led3=P2^2;
   6          sbit led4=P2^3;
   7          
   8          sbit switch1=P3^0;    //K2 button
   9          sbit switch2=P3^1;    //K1 button
  10          
  11          void MSDelay(unsigned int);
  12          
  13          
  14          void external_int0() interrupt 0
  15          {
  16   1        led3=~led3;
  17   1        MSDelay(250);
  18   1      }
  19          
  20          
  21          void external_int1() interrupt 2
  22          {
  23   1        led4=~led4;
  24   1        MSDelay(250);
  25   1        
  26   1      }
  27          
  28          void main()
  29          {
  30   1        IE=0x85;
  31   1        while(1)
  32   1        {
  33   2          if(switch1==0)
  34   2          {
  35   3            led2=~led2;
  36   3            MSDelay(250);
  37   3          }
  38   2          
  39   2          else if(switch2==0)
  40   2          {
  41   3            led1=~led1;
  42   3            MSDelay(250);
  43   3          }
  44   2        }
  45   1      }
  46          
  47          
  48          void MSDelay(unsigned int itime) {
  49   1          unsigned int i, j;
  50   1          for(i = 0; i < itime; i++)
  51   1              for(j = 0; j<114; j++);
  52   1      }
  53          
  54          
C51 COMPILER V9.60.7.0   TASK_8                                                            09/20/2024 12:16:52 PAGE 2   



MODULE INFORMATION:   STATIC OVERLAYABLE
   CODE SIZE        =    181    ----
   CONSTANT SIZE    =   ----    ----
   XDATA SIZE       =   ----    ----
   PDATA SIZE       =   ----    ----
   DATA SIZE        =   ----    ----
   IDATA SIZE       =   ----    ----
   BIT SIZE         =   ----    ----
END OF MODULE INFORMATION.


C51 COMPILATION COMPLETE.  0 WARNING(S),  0 ERROR(S)
