C51 COMPILER V9.60.7.0   TASK_5                                                            09/20/2024 11:06:57 PAGE 1   


C51 COMPILER V9.60.7.0, COMPILATION OF MODULE TASK_5
OBJECT MODULE PLACED IN .\Objects\task_5.obj
COMPILER INVOKED BY: C:\Keil_v5\C51\BIN\C51.EXE task_5.c OPTIMIZE(8,SPEED) BROWSE DEBUG OBJECTEXTEND PRINT(.\Listings\ta
                    -sk_5.lst) TABS(2) OBJECT(.\Objects\task_5.obj)

line level    source

   1          #include <reg51.h>
   2          
   3          sbit led1 = P2^0;
   4          sbit switch1 = P3^1;
   5          unsigned int x=0;
   6          void MSDelay(unsigned int);
   7          
   8          void main()
   9            {
  10   1          while(1)
  11   1          {
  12   2            if(switch1==0)
  13   2            {
  14   3              led1=~led1;
  15   3              MSDelay(300);
  16   3            }
  17   2          }
  18   1        }
  19          
  20          
  21          void MSDelay(unsigned int itime)
  22            {
  23   1          unsigned int i,j;
  24   1          for(i=0;i<itime;i++)
  25   1            for(j=0;j<114;j++);
  26   1        }
  27          
  28          
  29          
  30          
  31          
  32          
  33          
  34          //// 2nd Method
  35          ////  {
  36          ////    if(switch1==0)
  37          ////    {
  38          ////      x++;
  39          ////      MSDelay(500);
  40          ////    }
  41          ////    
  42          ////    if(x==1)
  43          ////    {
  44          ////      Port2=0xFE;
  45          ////    }
  46          ////    else if(x==2)
  47          ////    {
  48          ////      Port2=0xFF;
  49          ////    }
  50          ////    else if(x==3)
  51          ////    {
  52          ////      x=1;
  53          ////    }
  54          ////  }
C51 COMPILER V9.60.7.0   TASK_5                                                            09/20/2024 11:06:57 PAGE 2   

  55          ////}
  56          //  
  57          
  58          //void MSDelay(unsigned int itime)
  59          //  {
  60          //    unsigned int i,j;
  61          //    for(i=0;i<itime;i++)
  62          //      for(j=0;j<114;j++);
  63          //  }
  64          
  65          
  66          
  67          
  68          
  69          //#include <reg52.h>
  70          
  71          //sbit led_1 = P2^0;
  72          //sbit button = P3^1;
  73          
  74          //void delay(unsigned int milliseconds) {
  75          //    unsigned int i, j;
  76          //    for(i = 0; i < milliseconds; i++)
  77          //        for(j = 0; j < 125; j++);  // Delay approximation for 1 ms
  78          //}
  79          
  80          //void main(void) {
  81          //    unsigned char buttonState;
  82          
  83          //    while(1) {
  84          //        if(button == 1) {
  85          //            delay(20); // Debounce delay
  86          //            if(button == 0) {
  87          //                led_1 = !led_1; // Toggle LED state
  88          //                while(button == 1); // Wait for button release
  89          //                delay(20); // Debounce delay for button release
  90          //            }
  91          //        }
  92          //    }
  93          //}


MODULE INFORMATION:   STATIC OVERLAYABLE
   CODE SIZE        =     46    ----
   CONSTANT SIZE    =   ----    ----
   XDATA SIZE       =   ----    ----
   PDATA SIZE       =   ----    ----
   DATA SIZE        =      2    ----
   IDATA SIZE       =   ----    ----
   BIT SIZE         =   ----    ----
END OF MODULE INFORMATION.


C51 COMPILATION COMPLETE.  0 WARNING(S),  0 ERROR(S)
