C51 COMPILER V9.60.7.0   MAIN                                                              09/25/2024 12:21:50 PAGE 1   


C51 COMPILER V9.60.7.0, COMPILATION OF MODULE MAIN
OBJECT MODULE PLACED IN .\Objects\main.obj
COMPILER INVOKED BY: C:\Keil_v5\C51\BIN\C51.EXE main.c OPTIMIZE(8,SPEED) BROWSE DEBUG OBJECTEXTEND PRINT(.\Listings\main
                    -.lst) TABS(2) OBJECT(.\Objects\main.obj)

line level    source

   1          #include <reg51.h>
   2          #include "LCD.h"
   3          #include "KEYPAD_1.h"
   4          #include "7_seg.h"
*** WARNING C318 IN LINE 4 OF main.c: can't open file '7_seg.h'
   5          
   6          
   7          
   8          void main ()
   9          { 
  10   1         lcd_init();
  11   1      
  12   1        while(1)
  13   1        {
  14   2          lcd_command(0x80);
  15   2          lcd_string("ENTER THE KEY");
  16   2          lcd_command(0xC0);
  17   2        keypad();
*** WARNING C206 IN LINE 17 OF main.c: 'keypad': missing function-prototype
  18   2        A=1; D=0; C=1;
  19   2        keypad1();
  20   2          
  21   2            
  22   2        }
  23   1      }


MODULE INFORMATION:   STATIC OVERLAYABLE
   CODE SIZE        =     36    ----
   CONSTANT SIZE    =     14    ----
   XDATA SIZE       =   ----    ----
   PDATA SIZE       =   ----    ----
   DATA SIZE        =   ----    ----
   IDATA SIZE       =   ----    ----
   BIT SIZE         =   ----    ----
END OF MODULE INFORMATION.


C51 COMPILATION COMPLETE.  2 WARNING(S),  0 ERROR(S)
