C51 COMPILER V9.60.7.0   TASK_15_3                                                         09/24/2024 11:13:05 PAGE 1   


C51 COMPILER V9.60.7.0, COMPILATION OF MODULE TASK_15_3
OBJECT MODULE PLACED IN .\Objects\Task_15_3.obj
COMPILER INVOKED BY: C:\Keil_v5\C51\BIN\C51.EXE Task_15_3.c OPTIMIZE(8,SPEED) BROWSE DEBUG OBJECTEXTEND PRINT(.\Listings
                    -\Task_15_3.lst) TABS(2) OBJECT(.\Objects\Task_15_3.obj)

line level    source

   1          #include <reg51.h>
   2          #include "lcd.h"
   3          
   4          // Function to initialize the UART
   5          void UART_Init() {
   6   1          TMOD = 0x20;     // Timer 1, Mode 2 (8-bit auto-reload)
   7   1          TH1 = 0xFD;      // Baud rate of 9600 for 11.0592 MHz clock
   8   1          SCON = 0x50;     // Mode 1, 8-bit UART, enable receiver
   9   1          TR1 = 1;         // Start Timer 1
  10   1      }
  11          
  12          // Function to receive data via UART
  13          unsigned char RX_data(void) {
  14   1          unsigned char a;
  15   1          while (RI == 0);  // Wait until reception is complete
  16   1          RI = 0;           // Clear the reception interrupt flag
  17   1          a = SBUF;         // Read received data
  18   1          return a;
  19   1      }
  20          
  21          
  22          void main() {
  23   1          unsigned char x;
  24   1          lcd_init();           // Initialize the LCD
  25   1          UART_Init();          // Initialize UART
  26   1          while (1) {
  27   2              x = RX_data();    // Receive data from UART
  28   2              if(x=='0')
  29   2                lcd_cmd(0xC0);  // Go to 2nd line
  30   2              else if(x=='1')
  31   2                lcd_cmd(0x01);  // Clear the LCD
  32   2              else
  33   2                show_char(x);   // Display the received character on the LCD
  34   2              
  35   2              lcd_delay();      // Delay for better visualization
  36   2            
  37   2          }
  38   1      }
  39          
  40          
  41          
  42          
  43          
  44          
  45          
  46          
  47          
  48          
  49          
  50          
  51          
  52          
  53          
  54          
C51 COMPILER V9.60.7.0   TASK_15_3                                                         09/24/2024 11:13:05 PAGE 2   

  55          
  56          
  57          
  58          
  59          
  60          
  61          
  62          
  63          
  64          
  65          
  66          
  67          
  68          //#include <reg51.h>
  69          //#include "lcd.h"
  70          
  71          //// Define constants
  72          //#define BUFFER_SIZE 50
  73          
  74          //// Function to initialize the UART
  75          //void UART_Init() {
  76          //    TMOD = 0x20;  // Timer 1, Mode 2 (8-bit auto-reload)
  77          //    TH1 = 0xFD;   // Baud rate of 9600 for 11.0592 MHz clock
  78          //    SCON = 0x50;  // Mode 1, 8-bit UART, enable receiver
  79          //    TR1 = 1;      // Start Timer 1
  80          //}
  81          
  82          //// Function to receive data via UART
  83          //unsigned char RX_data(void) {
  84          //    while (RI == 0);  // Wait until reception is complete
  85          //    RI = 0;           // Clear the reception interrupt flag
  86          //    return SBUF;      // Read received data
  87          //}
  88          
  89          //// Main function
  90          //void main() {
  91          //    unsigned char received_char;
  92          //    unsigned char buffer[BUFFER_SIZE];
  93          //    unsigned int i = 0;
  94          
  95          //    lcd_init();      // Initialize the LCD
  96          //    UART_Init();     // Initialize UART
  97          
  98          //    while (1) {
  99          //        received_char = RX_data();  // Receive data from UART
 100          
 101          //        // Store received character in buffer
 102          //        if (i < BUFFER_SIZE - 1) {
 103          //            buffer[i] = received_char;
 104          //            i++;
 105          //        }
 106          
 107          //        // Check if the end of the message "\n\r" is received
 108          //        if (i >= 2 && buffer[i-2] == '\n' && buffer[i-1] == '\r') {
 109          //            buffer[i-2] = '\0';  // Null-terminate the message
 110          //            lcd_cmd(0x01);  // Clear the LCD
 111          //            show_char(buffer);  // Display the received message on the LCD
 112          //            i = 0;  // Reset buffer index for next message
 113          //        }
 114          //    }
 115          //}

C51 COMPILER V9.60.7.0   TASK_15_3                                                         09/24/2024 11:13:05 PAGE 3   


MODULE INFORMATION:   STATIC OVERLAYABLE
   CODE SIZE        =     62    ----
   CONSTANT SIZE    =   ----    ----
   XDATA SIZE       =   ----    ----
   PDATA SIZE       =   ----    ----
   DATA SIZE        =   ----       1
   IDATA SIZE       =   ----    ----
   BIT SIZE         =   ----    ----
END OF MODULE INFORMATION.


C51 COMPILATION COMPLETE.  0 WARNING(S),  0 ERROR(S)
