C51 COMPILER V9.60.7.0   TASK_12_5                                                         09/23/2024 12:27:54 PAGE 1   


C51 COMPILER V9.60.7.0, COMPILATION OF MODULE TASK_12_5
OBJECT MODULE PLACED IN .\Objects\Task_12_5.obj
COMPILER INVOKED BY: C:\Keil_v5\C51\BIN\C51.EXE Task_12_5.c OPTIMIZE(8,SPEED) BROWSE DEBUG OBJECTEXTEND PRINT(.\Listings
                    -\Task_12_5.lst) TABS(2) OBJECT(.\Objects\Task_12_5.obj)

line level    source

   1          #include <reg51.h>
   2          
   3          sbit led = P2^0;
   4          
   5          sbit SEG_PORT_1 = P2^2;
   6          sbit SEG_PORT_2 = P2^3;
   7          sbit SEG_PORT_3 = P2^4;
   8          
   9          unsigned int count = 0;
  10          
  11          void timer0_ISR(void) interrupt 1
  12          {
  13   1        TH0 = 0xDB;
  14   1        TL0 = 0xFF;
  15   1      //  LED = ~LED;
  16   1      
  17   1      count++;
  18   1          if (count == 1) {
  19   2              SEG_PORT_1 = 0;
  20   2              SEG_PORT_2 = 0;
  21   2              SEG_PORT_3 = 0;
  22   2              
  23   2              led = ~led;
  24   2          } 
  25   1         if (count == 2) {
  26   2              SEG_PORT_1 = 1;
  27   2              SEG_PORT_2 = 0;
  28   2              SEG_PORT_3 = 0;
  29   2          } 
  30   1         if (count == 3) {
  31   2              SEG_PORT_1 = 0;
  32   2              SEG_PORT_2 = 1;
  33   2              SEG_PORT_3 = 0;
  34   2          } 
  35   1         if (count == 4) {
  36   2              SEG_PORT_1 = 1;
  37   2              SEG_PORT_2 = 1;
  38   2              SEG_PORT_3 = 0;
  39   2          } 
  40   1         if (count == 5) {
  41   2              SEG_PORT_1 = 0;
  42   2              SEG_PORT_2 = 0;
  43   2              SEG_PORT_3 = 1;
  44   2          } 
  45   1         if (count == 6) {
  46   2              SEG_PORT_1 = 1;
  47   2              SEG_PORT_2 = 0;
  48   2              SEG_PORT_3 = 1;
  49   2          } 
  50   1         if (count == 7) {
  51   2              SEG_PORT_1 = 0;
  52   2              SEG_PORT_2 = 1;
  53   2              SEG_PORT_3 = 1;
  54   2          } 
C51 COMPILER V9.60.7.0   TASK_12_5                                                         09/23/2024 12:27:54 PAGE 2   

  55   1         if (count == 8) {
  56   2              SEG_PORT_1 = 1;
  57   2              SEG_PORT_2 = 1;
  58   2              SEG_PORT_3 = 1;
  59   2      
  60   2              count = 0;
  61   2          }
  62   1      }
  63          
  64          void main()
  65          {
  66   1        IE = 0x82;
  67   1        TMOD = 0x01;
  68   1        TH0 = 0xDB;
  69   1        TL0 = 0xFF;
  70   1        TR0 = 1;
  71   1      
  72   1        while (1){
  73   2        };
  74   1      
  75   1      }


MODULE INFORMATION:   STATIC OVERLAYABLE
   CODE SIZE        =    151    ----
   CONSTANT SIZE    =   ----    ----
   XDATA SIZE       =   ----    ----
   PDATA SIZE       =   ----    ----
   DATA SIZE        =      2    ----
   IDATA SIZE       =   ----    ----
   BIT SIZE         =   ----    ----
END OF MODULE INFORMATION.


C51 COMPILATION COMPLETE.  0 WARNING(S),  0 ERROR(S)
