C51 COMPILER V9.60.7.0   CAL                                                               09/12/2024 12:04:12 PAGE 1   


C51 COMPILER V9.60.7.0, COMPILATION OF MODULE CAL
OBJECT MODULE PLACED IN .\Objects\cal.obj
COMPILER INVOKED BY: C:\Keil_v5\C51\BIN\C51.EXE cal.c OPTIMIZE(8,SPEED) BROWSE DEBUG OBJECTEXTEND PRINT(.\Listings\cal.l
                    -st) TABS(2) OBJECT(.\Objects\cal.obj)

line level    source

   1          void lcdcmd(unsigned char);
   2          void lcddata(unsigned char);
   3          void Del(unsigned int);
   4          void disp_num(float num);
   5          int get_num(char ch);
   6          void lcdinit();
   7          char scan_key(void);
   8          void  string (char *str)  ;
   9          
  10          int calc (void);
  11          sbit rs = P2^6;
*** ERROR C202 IN LINE 11 OF cal.c: 'P2': undefined identifier
  12          sbit rw = P2^5;
*** ERROR C202 IN LINE 12 OF cal.c: 'P2': undefined identifier
  13          sbit en = P2^7;
*** ERROR C202 IN LINE 13 OF cal.c: 'P2': undefined identifier
  14          
  15          sbit r0=P1^0;
*** ERROR C202 IN LINE 15 OF cal.c: 'P1': undefined identifier
  16          sbit r1=P1^1;
*** ERROR C202 IN LINE 16 OF cal.c: 'P1': undefined identifier
  17          sbit r2=P1^2;
*** ERROR C202 IN LINE 17 OF cal.c: 'P1': undefined identifier
  18          sbit r3=P1^3;
*** ERROR C202 IN LINE 18 OF cal.c: 'P1': undefined identifier
  19          sbit c0=P1^4;
*** ERROR C202 IN LINE 19 OF cal.c: 'P1': undefined identifier
  20          sbit c1=P1^5;
*** ERROR C202 IN LINE 20 OF cal.c: 'P1': undefined identifier
  21          sbit c2=P1^6;
*** ERROR C202 IN LINE 21 OF cal.c: 'P1': undefined identifier
  22          sbit c3=P1^7;
*** ERROR C202 IN LINE 22 OF cal.c: 'P1': undefined identifier

C51 COMPILATION COMPLETE.  0 WARNING(S),  11 ERROR(S)
