C51 COMPILER V9.60.7.0   TASK_3B                                                           09/20/2024 10:50:16 PAGE 1   


C51 COMPILER V9.60.7.0, COMPILATION OF MODULE TASK_3B
OBJECT MODULE PLACED IN .\Objects\task_3b.obj
COMPILER INVOKED BY: C:\Keil_v5\C51\BIN\C51.EXE task_3b.c OPTIMIZE(8,SPEED) BROWSE DEBUG OBJECTEXTEND PRINT(.\Listings\t
                    -ask_3b.lst) TABS(2) OBJECT(.\Objects\task_3b.obj)

line level    source

   1          #include <reg51.h>
   2          
   3          #define Port P2
   4          
   5          #define BIT0 0x01
   6          #define BIT1 0x02
   7          #define BIT2 0x04
   8          #define BIT3 0x08
   9          #define BIT4 0x10
  10          #define BIT5 0x20
  11          #define BIT6 0x40
  12          #define BIT7 0x80
  13          
  14          void MSDelay(unsigned int);
  15          
  16          void main(){
  17   1      
  18   1         
  19   1        while(1)
  20   1        {
  21   2            Port = 0xff;
  22   2            Port = Port & ~BIT0;
  23   2            MSDelay(500);
  24   2            
  25   2            Port = 0xff;
  26   2            MSDelay(500);
  27   2      
  28   2      //      Port = 0xff;
  29   2            Port = Port & ~BIT1;
  30   2            MSDelay(500);
  31   2            
  32   2            Port = 0xff;
  33   2            MSDelay(500);   
  34   2      
  35   2        }
  36   1      }
  37          
  38          
  39          void MSDelay(unsigned int itime)
  40            {
  41   1          unsigned int i,j;
  42   1          for(i=0;i<itime;i++)
  43   1            for(j=0;j<114;j++);
  44   1        }


MODULE INFORMATION:   STATIC OVERLAYABLE
   CODE SIZE        =     62    ----
   CONSTANT SIZE    =   ----    ----
   XDATA SIZE       =   ----    ----
   PDATA SIZE       =   ----    ----
   DATA SIZE        =   ----    ----
   IDATA SIZE       =   ----    ----
   BIT SIZE         =   ----    ----
C51 COMPILER V9.60.7.0   TASK_3B                                                           09/20/2024 10:50:16 PAGE 2   

END OF MODULE INFORMATION.


C51 COMPILATION COMPLETE.  0 WARNING(S),  0 ERROR(S)
