C51 COMPILER V9.60.7.0   TASK_12_6                                                         04/05/2024 12:28:31 PAGE 1   


C51 COMPILER V9.60.7.0, COMPILATION OF MODULE TASK_12_6
OBJECT MODULE PLACED IN .\Objects\Task_12_6.obj
COMPILER INVOKED BY: C:\Keil_v5\C51\BIN\C51.EXE Task_12_6.c OPTIMIZE(8,SPEED) BROWSE DEBUG OBJECTEXTEND PRINT(.\Listings
                    -\Task_12_6.lst) TABS(2) OBJECT(.\Objects\Task_12_6.obj)

line level    source

   1          #include <reg51.h>  
   2          
   3          sbit SEG_PORT_1 = P2^2;  
   4          sbit SEG_PORT_2 = P2^3;
   5          sbit SEG_PORT_3 = P2^4;
   6          
   7          void T0M1Delay(void);
   8          
   9          void main() {
  10   1          
  11   1          while (1) 
  12   1            {
  13   2              SEG_PORT_1 = 0; 
  14   2              SEG_PORT_2 = 0;
  15   2              SEG_PORT_3 = 0;
  16   2              P0 = 0x3F;
  17   2              T0M1Delay();
  18   2            
  19   2              SEG_PORT_1 = 0;  
  20   2              SEG_PORT_2 = 0;
  21   2              SEG_PORT_3 = 0;
  22   2              P0 = 0x06;
  23   2              T0M1Delay();
  24   2              
  25   2              SEG_PORT_1 = 0; 
  26   2              SEG_PORT_2 = 0;
  27   2              SEG_PORT_3 = 0;
  28   2              P0 = 0x5B;
  29   2              T0M1Delay();
  30   2            
  31   2              SEG_PORT_1 = 0;  
  32   2              SEG_PORT_2 = 0;
  33   2              SEG_PORT_3 = 0;
  34   2              P0 = 0x4F;
  35   2              T0M1Delay();
  36   2      
  37   2              SEG_PORT_1 = 0; 
  38   2              SEG_PORT_2 = 0;
  39   2              SEG_PORT_3 = 0;
  40   2              P0 = 0x66;
  41   2              T0M1Delay();
  42   2            
  43   2              SEG_PORT_1 = 0;  
  44   2              SEG_PORT_2 = 0;
  45   2              SEG_PORT_3 = 0;
  46   2              P0 = 0x6D;
  47   2              T0M1Delay();
  48   2      
  49   2              SEG_PORT_1 = 0; 
  50   2              SEG_PORT_2 = 0;
  51   2              SEG_PORT_3 = 0;
  52   2              P0 = 0x7D;
  53   2              T0M1Delay();
  54   2            
C51 COMPILER V9.60.7.0   TASK_12_6                                                         04/05/2024 12:28:31 PAGE 2   

  55   2              SEG_PORT_1 = 0;  
  56   2              SEG_PORT_2 = 0;
  57   2              SEG_PORT_3 = 0;
  58   2              P0 = 0x07;
  59   2              T0M1Delay();
  60   2              
  61   2              SEG_PORT_1 = 0; 
  62   2              SEG_PORT_2 = 0;
  63   2              SEG_PORT_3 = 0;
  64   2              P0 = 0x7F;
  65   2              T0M1Delay();
  66   2      
  67   2              SEG_PORT_1 = 0; 
  68   2              SEG_PORT_2 = 0;
  69   2              SEG_PORT_3 = 0;
  70   2              P0 = 0x6F;
  71   2              T0M1Delay();
  72   2            }
  73   1        
  74   1      }
  75          
  76          
  77          
  78          void T0M1Delay(void)
  79            {
  80   1          unsigned int  x;
  81   1          for(x=0;x<10;x++)
  82   1            {
  83   2              TMOD=0x01;
  84   2              TL0=0xFD;
  85   2              TH0=0x4B;
  86   2              TR0=1;
  87   2              while (TF0==0);
  88   2              TR0=0;
  89   2              TF0=0;
  90   2            }
  91   1      }
  92          
  93          


MODULE INFORMATION:   STATIC OVERLAYABLE
   CODE SIZE        =    155    ----
   CONSTANT SIZE    =   ----    ----
   XDATA SIZE       =   ----    ----
   PDATA SIZE       =   ----    ----
   DATA SIZE        =   ----    ----
   IDATA SIZE       =   ----    ----
   BIT SIZE         =   ----    ----
END OF MODULE INFORMATION.


C51 COMPILATION COMPLETE.  0 WARNING(S),  0 ERROR(S)
