C51 COMPILER V9.60.7.0   TASK_12_7                                                         04/26/2024 15:57:40 PAGE 1   


C51 COMPILER V9.60.7.0, COMPILATION OF MODULE TASK_12_7
OBJECT MODULE PLACED IN .\Objects\Task_12_7.obj
COMPILER INVOKED BY: C:\Keil_v5\C51\BIN\C51.EXE Task_12_7.c OPTIMIZE(8,SPEED) BROWSE DEBUG OBJECTEXTEND PRINT(.\Listings
                    -\Task_12_7.lst) TABS(2) OBJECT(.\Objects\Task_12_7.obj)

line level    source

   1          #include <reg51.h>  
   2          
   3          sbit SEG_PORT_1 = P2^2;  
   4          sbit SEG_PORT_2 = P2^3;
   5          sbit SEG_PORT_3 = P2^4;
   6          
   7          void T0M1Delay(void);
   8          
   9          void main() {
  10   1          
  11   1          while (1) 
  12   1            {
  13   2                      
  14   2              SEG_PORT_1 = 1;  
  15   2              SEG_PORT_2 = 1;
  16   2              SEG_PORT_3 = 1;
  17   2              P0 = 0x06;
  18   2              T0M1Delay();
  19   2      
  20   2              SEG_PORT_1 = 0; 
  21   2              SEG_PORT_2 = 1;
  22   2              SEG_PORT_3 = 1;
  23   2              P0 = 0x5B;
  24   2              T0M1Delay();
  25   2              
  26   2              SEG_PORT_1 = 1;  
  27   2              SEG_PORT_2 = 0;
  28   2              SEG_PORT_3 = 1;
  29   2              P0 = 0x4F;
  30   2              T0M1Delay();
  31   2              
  32   2              SEG_PORT_1 = 0; 
  33   2              SEG_PORT_2 = 0;
  34   2              SEG_PORT_3 = 1;
  35   2              P0 = 0x66;
  36   2              T0M1Delay();
  37   2      
  38   2              SEG_PORT_1 = 1;  
  39   2              SEG_PORT_2 = 1;
  40   2              SEG_PORT_3 = 0;
  41   2              P0 = 0x6D;
  42   2              T0M1Delay();
  43   2      
  44   2              SEG_PORT_1 = 0; 
  45   2              SEG_PORT_2 = 1;
  46   2              SEG_PORT_3 = 0;
  47   2              P0 = 0x7D;
  48   2              T0M1Delay();
  49   2              
  50   2              SEG_PORT_1 = 1;  
  51   2              SEG_PORT_2 = 0;
  52   2              SEG_PORT_3 = 0;
  53   2              P0 = 0x07;
  54   2              T0M1Delay();
C51 COMPILER V9.60.7.0   TASK_12_7                                                         04/26/2024 15:57:40 PAGE 2   

  55   2              
  56   2              
  57   2              SEG_PORT_1 = 0; 
  58   2              SEG_PORT_2 = 0;
  59   2              SEG_PORT_3 = 0;
  60   2              P0 = 0x7F;
  61   2              T0M1Delay();      
  62   2          
  63   2            } 
  64   1      }
  65          
  66          
  67          
  68          void T0M1Delay(void)
  69            { unsigned int x;
  70   1          for(x=0; x<100; x++)
  71   1          {
  72   2            TMOD=0x02;
  73   2            TL0=0xFF;
  74   2        //  TH0=0x4B;
  75   2            TR0=1;
  76   2          }
  77   1        }
  78          
  79          
  80          
  81          
  82          
  83          
  84          
  85          
  86          
  87          
  88          
  89          
  90          
  91          
  92          
  93          ////// For writing a desired character
  94          
  95          
  96          ////#include <reg51.h>
  97          
  98          ////sbit a = P0^0;
  99          ////sbit b = P0^1;
 100          ////sbit c = P0^2;
 101          ////sbit d = P0^3;
 102          ////sbit e = P0^4;
 103          ////sbit f = P0^5;
 104          ////sbit g = P0^6;
 105          ////sbit h = P0^7;
 106          
 107          ////sbit SEG_PORT_1 = P2^2;  
 108          ////sbit SEG_PORT_2 = P2^3;
 109          ////sbit SEG_PORT_3 = P2^4;
 110          
 111          ////void T0M1Delay(void);
 112          
 113          ////void main() {
 114          ////    
 115          ////    while (1) 
 116          ////      {
C51 COMPILER V9.60.7.0   TASK_12_7                                                         04/26/2024 15:57:40 PAGE 3   

 117          ////                
 118          ////        SEG_PORT_1 = 1;  
 119          ////        SEG_PORT_2 = 1;
 120          ////        SEG_PORT_3 = 1;
 121          ////        a = 1;
 122          ////        b = 1;
 123          ////        c = 1;
 124          ////        d = 0;
 125          ////        e = 1;
 126          ////        f = 1;
 127          ////        g = 1;
 128          ////        h = 1;
 129          ////        
 130          ////        T0M1Delay();
 131          
 132          ////        SEG_PORT_1 = 0; 
 133          ////        SEG_PORT_2 = 1;
 134          ////        SEG_PORT_3 = 1;
 135          ////        a = 1;
 136          ////        b = 0;
 137          ////        c = 1;
 138          ////        d = 0;
 139          ////        e = 1;
 140          ////        f = 1;
 141          ////        g = 1;
 142          ////        h = 1;
 143          ////        
 144          ////        T0M1Delay();
 145          ////        
 146          ////        SEG_PORT_1 = 1;  
 147          ////        SEG_PORT_2 = 0;
 148          ////        SEG_PORT_3 = 1;
 149          ////        a = 0;
 150          ////        b = 0;
 151          ////        c = 0;
 152          ////        d = 0;
 153          ////        e = 1;
 154          ////        f = 1;
 155          ////        g = 0;
 156          ////        h = 1;
 157          ////        T0M1Delay();
 158          ////        
 159          ////        SEG_PORT_1 = 0; 
 160          ////        SEG_PORT_2 = 0;
 161          ////        SEG_PORT_3 = 1;
 162          ////        a = 1;
 163          ////        b = 0;
 164          ////        c = 0;
 165          ////        d = 0;
 166          ////        e = 1;
 167          ////        f = 1;
 168          ////        g = 1;
 169          ////        h = 1;
 170          ////        T0M1Delay();
 171          
 172          ////        SEG_PORT_1 = 1;  
 173          ////        SEG_PORT_2 = 1;
 174          ////        SEG_PORT_3 = 0;
 175          ////        a = 1;
 176          ////        b = 1;
 177          ////        c = 1;
 178          ////        d = 0;
C51 COMPILER V9.60.7.0   TASK_12_7                                                         04/26/2024 15:57:40 PAGE 4   

 179          ////        e = 1;
 180          ////        f = 1;
 181          ////        g = 1;
 182          ////        h = 1;
 183          ////        T0M1Delay();
 184          
 185          ////        SEG_PORT_1 = 0; 
 186          ////        SEG_PORT_2 = 1;
 187          ////        SEG_PORT_3 = 0;
 188          ////        a = 1;
 189          ////        b = 1;
 190          ////        c = 1;
 191          ////        d = 0;
 192          ////        e = 1;
 193          ////        f = 1;
 194          ////        g = 1;
 195          ////        h = 1;
 196          ////        T0M1Delay();
 197          ////        
 198          ////        SEG_PORT_1 = 1;  
 199          ////        SEG_PORT_2 = 0;
 200          ////        SEG_PORT_3 = 0;
 201          ////        a = 1;
 202          ////        b = 1;
 203          ////        c = 1;
 204          ////        d = 0;
 205          ////        e = 1;
 206          ////        f = 1;
 207          ////        g = 1;
 208          ////        h = 1;
 209          ////        T0M1Delay();
 210          ////        
 211          ////        
 212          ////        SEG_PORT_1 = 0; 
 213          ////        SEG_PORT_2 = 0;
 214          ////        SEG_PORT_3 = 0;
 215          ////        a = 1;
 216          ////        b = 1;
 217          ////        c = 1;
 218          ////        d = 0;
 219          ////        e = 1;
 220          ////        f = 1;
 221          ////        g = 1;
 222          ////        h = 1;
 223          ////        T0M1Delay();      
 224          ////    
 225          ////      } 
 226          ////}
 227          
 228          
 229          ////void T0M1Delay(void)
 230          ////  { unsigned int x;
 231          ////    for(x=0; x<100; x++)
 232          ////    {
 233          ////      TMOD=0x02;
 234          ////      TL0=0xFF;
 235          ////  //  TH0=0x4B;
 236          ////      TR0=1;
 237          ////    }
 238          ////  }
 239          
 240          
C51 COMPILER V9.60.7.0   TASK_12_7                                                         04/26/2024 15:57:40 PAGE 5   

 241          


MODULE INFORMATION:   STATIC OVERLAYABLE
   CODE SIZE        =    121    ----
   CONSTANT SIZE    =   ----    ----
   XDATA SIZE       =   ----    ----
   PDATA SIZE       =   ----    ----
   DATA SIZE        =   ----    ----
   IDATA SIZE       =   ----    ----
   BIT SIZE         =   ----    ----
END OF MODULE INFORMATION.


C51 COMPILATION COMPLETE.  0 WARNING(S),  0 ERROR(S)
