C51 COMPILER V9.60.7.0   TASK_11                                                           09/23/2024 11:19:31 PAGE 1   


C51 COMPILER V9.60.7.0, COMPILATION OF MODULE TASK_11
OBJECT MODULE PLACED IN .\Objects\Task_11.obj
COMPILER INVOKED BY: C:\Keil_v5\C51\BIN\C51.EXE Task_11.c OPTIMIZE(8,SPEED) BROWSE DEBUG OBJECTEXTEND PRINT(.\Listings\T
                    -ask_11.lst) TABS(2) OBJECT(.\Objects\Task_11.obj)

line level    source

   1          #include <reg51.h>
   2          
   3          sbit LED = P2^0;      // Define LED pin
   4          sbit K1 = P3^1;       // Define button K1 pin
   5          
   6          unsigned char k1_btn_state = 0;
   7          unsigned char k1_press_cntr = 0;
   8          unsigned char k1_release_cntr = 0;
   9          
  10          void timer0_isr(void) interrupt 1 {
  11   1         if (k1_btn_state == 0) {
  12   2             if (K1 == 0) {
  13   3                 k1_press_cntr++;
  14   3                 if (k1_press_cntr == 10) {  // Button pressed for 100ms
  15   4                     LED = ~LED;              // Toggle LED
  16   4                     k1_btn_state = 1;        // Change state to detect release
  17   4                 }
  18   3             } 
  19   2             
  20   2             else {
  21   3                 k1_press_cntr = 0;
  22   3             }
  23   2             
  24   2         } else 
  25   1          {
  26   2               if (K1 == 1) {
  27   3                   k1_release_cntr++;
  28   3                   if (k1_release_cntr == 10) {  // Button released for 100ms
  29   4                       k1_btn_state = 0;         // Ready for next press
  30   4                   }
  31   3               } else {
  32   3                   k1_release_cntr = 0;
  33   3               }
  34   2           }
  35   1      }
  36          
  37          void main() {
  38   1         TMOD = 0x01;         // Timer0 in mode 1 (16-bit)
  39   1         IE = 0x82;           // Enable Timer0 interrupt
  40   1         TH0 = 0xDC;         // Load timer for 10ms interrupt
  41   1         TL0 = 0x00;
  42   1         TR0 = 1;             // Start Timer0
  43   1      
  44   1         while (1) {
  45   2             // Main loop can do other tasks here
  46   2         }
  47   1      }
  48          
  49          


MODULE INFORMATION:   STATIC OVERLAYABLE
   CODE SIZE        =     70    ----
   CONSTANT SIZE    =   ----    ----
C51 COMPILER V9.60.7.0   TASK_11                                                           09/23/2024 11:19:31 PAGE 2   

   XDATA SIZE       =   ----    ----
   PDATA SIZE       =   ----    ----
   DATA SIZE        =      3    ----
   IDATA SIZE       =   ----    ----
   BIT SIZE         =   ----    ----
END OF MODULE INFORMATION.


C51 COMPILATION COMPLETE.  0 WARNING(S),  0 ERROR(S)
