C51 COMPILER V9.60.7.0   MAIN                                                              09/25/2024 12:43:57 PAGE 1   


C51 COMPILER V9.60.7.0, COMPILATION OF MODULE MAIN
OBJECT MODULE PLACED IN .\Objects\main.obj
COMPILER INVOKED BY: C:\Keil_v5\C51\BIN\C51.EXE main.c OPTIMIZE(8,SPEED) BROWSE DEBUG OBJECTEXTEND PRINT(.\Listings\main
                    -.lst) TABS(2) OBJECT(.\Objects\main.obj)

line level    source

   1          #include <reg51.h>
   2          #include "LCD.h"
   3          
   4          unsigned int y , a=0; b=0;
   5          unsigned char operator ,flag =0;
   6          
   7          sbit r1 =P1^7;
   8          sbit r2 =P1^6;
   9          sbit r3 =P1^5;
  10          sbit r4 =P1^4;
  11          sbit c1 =P1^3;
  12          sbit c2 =P1^2;
  13          sbit c3 =P1^1;
  14          sbit c4 =P1^0;
  15          
  16          
  17          void row ();
  18          void  send_data (unsigned int);
  19          void calculate ();
  20          
  21          void row ()
  22          {
  23   1        r1=0;r2=1;r3=1;r4=1;     //FOR ROW 1
  24   1        if(c1==0)
  25   1        {
  26   2          delay(30);
  27   2          while(c1==0)
  28   2          {
  29   3            lcd_char('7');
  30   3            if(flag==0)
  31   3            {
  32   4              a =a*10 +7;
  33   4            }
  34   3            else
  35   3            {
  36   4              b=b*10+7;
  37   4            }
  38   3          }
  39   2        }
  40   1        
  41   1        
  42   1        
  43   1        if(c2==0)
  44   1        {
  45   2          delay(30);
  46   2          while(c2==0)
  47   2          {
  48   3            lcd_char('8');
  49   3            if(flag==0)
  50   3            {
  51   4              a=a*10 +8;
  52   4            }
  53   3            else
  54   3            {
C51 COMPILER V9.60.7.0   MAIN                                                              09/25/2024 12:43:57 PAGE 2   

  55   4              b=b*10 +8;
  56   4            }
  57   3          }
  58   2        }   
  59   1        
  60   1        if(c3==0)
  61   1        {
  62   2          delay(30);
  63   2          while(c3==0)
  64   2          {
  65   3          lcd_char ('9');
  66   3            if(flag==0)
  67   3            {
  68   4              a=a*10 +9;
  69   4            }
  70   3            else
  71   3            {
  72   4              b=b*10 +9;
  73   4            }
  74   3          }     
  75   2        }
  76   1        
  77   1        
  78   1        if(c4==0)
  79   1        {
  80   2          delay(30);
  81   2          while(c4==0)
  82   2          {
  83   3          lcd_char ('/');
  84   3            flag=1;
  85   3            operator='/';
  86   3          }     
  87   2        }
  88   1        
  89   1        r1=1;r2=0;r3=1;r4=1;    //FOR ROW 2
  90   1        
  91   1        if(c1==0)
  92   1        {
  93   2          delay(30);
  94   2          while(c1==0)
  95   2          {
  96   3            lcd_char('4');
  97   3            if(flag==0)
  98   3            {
  99   4              a=a*10 +4;
 100   4            }
 101   3            else
 102   3            {
 103   4              b=b*10 +4;
 104   4            }
 105   3          }
 106   2        }
 107   1        
 108   1        
 109   1        if(c2==0)
 110   1        {
 111   2          delay(30);
 112   2          while(c2==0)
 113   2          {
 114   3            lcd_char('5');
 115   3            if(flag==0)
 116   3            {
C51 COMPILER V9.60.7.0   MAIN                                                              09/25/2024 12:43:57 PAGE 3   

 117   4              a=a*10 +5;
 118   4            }
 119   3            else
 120   3            {
 121   4              b=b*10 +5;
 122   4            }
 123   3          }
 124   2        }
 125   1        
 126   1        if(c3==0)
 127   1        {
 128   2          delay(30);
 129   2          while(c3==0)
 130   2          {
 131   3            lcd_char('6');
 132   3            if(flag==0)
 133   3            {
 134   4              a=a*10 +6;
 135   4            }
 136   3            else
 137   3            {
 138   4              b=b*10 +6;
 139   4            }
 140   3          }
 141   2        }
 142   1        
 143   1        if(c4==0)
 144   1        {
 145   2          delay(30);
 146   2          while(c4==0)
 147   2          {
 148   3            lcd_char('X');
 149   3            flag=1;
 150   3            operator='X';
 151   3          }
 152   2        }
 153   1        
 154   1        r1=1;r2=1;r3=0;r4=1; //for row 3
 155   1        if(c1==0)
 156   1        {
 157   2          delay(30);
 158   2          while(c1==0)
 159   2          {
 160   3            lcd_char('1');
 161   3            if(flag==0)
 162   3            {
 163   4              a=a*10 +1;
 164   4            }
 165   3            else
 166   3            {
 167   4              b=b*10 +1;
 168   4            }
 169   3          }
 170   2        }
 171   1        
 172   1        if(c2==0)
 173   1        {
 174   2          delay(30);
 175   2          while(c2==0)
 176   2          {
 177   3            lcd_char('2');
 178   3            if(flag==0)
C51 COMPILER V9.60.7.0   MAIN                                                              09/25/2024 12:43:57 PAGE 4   

 179   3            {
 180   4              a=a*10 +2;
 181   4            }
 182   3            else
 183   3            {
 184   4              b=b*10 +2;
 185   4            }
 186   3          }
 187   2        }
 188   1        
 189   1        if(c3==0)
 190   1        {
 191   2          delay(30);
 192   2          while(c3==0)
 193   2          {
 194   3            lcd_char('3');
 195   3            if(flag==0)
 196   3            {
 197   4              a=a*10 +3;
 198   4            }
 199   3            else
 200   3            {
 201   4              b=b*10 +3;
 202   4            }
 203   3          }
 204   2        }
 205   1        
 206   1        if(c4==0)
 207   1        {
 208   2          delay(30);
 209   2          while(c4==0)
 210   2          {
 211   3            lcd_char('-');
 212   3          flag=1;
 213   3            operator='-';
 214   3            
 215   3          }
 216   2        }
 217   1        
 218   1        r1=1;r2=1;r3=1;r4=0;
 219   1        if(c1==0)
 220   1        {
 221   2          delay(30);
 222   2          while(c1==0)
 223   2          {
 224   3            lcd_command(0x01);
 225   3            flag= a=b= 0;
 226   3            
 227   3          }
 228   2        }
 229   1        if(c2==0)
 230   1        {
 231   2          delay(30);
 232   2          while(c2==0)
 233   2          {
 234   3            lcd_char('0');
 235   3            if(flag==0)
 236   3            {
 237   4              a=a*10 +0;
 238   4            }
 239   3            else
 240   3            {
C51 COMPILER V9.60.7.0   MAIN                                                              09/25/2024 12:43:57 PAGE 5   

 241   4              b=b*10 +0;
 242   4            }
 243   3          }
 244   2        }
 245   1        
 246   1        if(c3==0)
 247   1        {
 248   2          delay(30);
 249   2          while(c3==0)
 250   2          {
 251   3            lcd_char('=');
 252   3            flag=1;
 253   3            calculate();
 254   3              
 255   3          
 256   3          }
 257   2        }
 258   1        if(c4==0)
 259   1        {
 260   2          delay(30);
 261   2          while(c4==0)
 262   2          {
 263   3            lcd_char('+');
 264   3            flag=1;
 265   3            operator='+';
 266   3          }
 267   2        }
 268   1        
 269   1      }
 270          
 271          void calculate ()
 272          {
 273   1        lcd_command(0xC0);
 274   1        if(operator=='+')
 275   1        {
 276   2          send_data(a+b);
 277   2        }
 278   1        if(operator=='-')
 279   1        {
 280   2          if(a>b)
 281   2          {
 282   3            send_data(a - b);
 283   3          }
 284   2          else if(a==b)
 285   2          {
 286   3            send_data(a-b);
 287   3          }
 288   2          else
 289   2          {
 290   3            lcd_char('-');
 291   3            send_data(b - a);
 292   3          }
 293   2        }
 294   1        if(operator=='/')
 295   1        {
 296   2          if(b != 0)
 297   2          {
 298   3            send_data(a/b);
 299   3          }
 300   2          else
 301   2          {
 302   3            lcd_command(0x01);
C51 COMPILER V9.60.7.0   MAIN                                                              09/25/2024 12:43:57 PAGE 6   

 303   3            lcd_string("ERROR");
 304   3          }
 305   2        }
 306   1        if(operator=='X')
 307   1        {
 308   2          send_data(a*b);
 309   2        }
 310   1      }
 311          
 312          void  send_data (unsigned int x)
 313          {
 314   1        
 315   1        if(x>9999)
 316   1        {
 317   2          y=x/10000;
 318   2          lcd_char(y+0x30);
 319   2          x=x%10000;
 320   2          y=x/1000;
 321   2          lcd_char(y+0x30);
 322   2          x=x%1000;
 323   2          y=x/100;
 324   2          lcd_char(y+0x30);
 325   2          x=x%100;
 326   2          y=x/10;
 327   2          lcd_char(y+0x30);
 328   2          y=x%10;
 329   2          lcd_char(y+0x30);
 330   2        }
 331   1        else if(x>999 && x<9999)
 332   1        {
 333   2          y=x/1000;
 334   2          lcd_char(y+0x30);
 335   2          x=x%1000;
 336   2          y=x/100;
 337   2          lcd_char(y+0x30);
 338   2          x=x%100;
 339   2          y=x/10;
 340   2          lcd_char(y+0x30);
 341   2          y=x%10;
 342   2          lcd_char(y+0x30);
 343   2        }
 344   1        else if(x>99 && x<999)
 345   1        {
 346   2          y=x/100;
 347   2          lcd_char(y+0x30);
 348   2          x=x%100;
 349   2          y=x/10;
 350   2          lcd_char(y+0x30);
 351   2          y=x%10;
 352   2          lcd_char(y+0x30);
 353   2        }
 354   1        else if(x>9 && x<99)
 355   1        {
 356   2          y=x/10;
 357   2          lcd_char(y+0x30);
 358   2          y=x%10;
 359   2          lcd_char(y+0x30);
 360   2        }
 361   1        else
 362   1        {
 363   2          lcd_char(x+0x30);
 364   2        }
C51 COMPILER V9.60.7.0   MAIN                                                              09/25/2024 12:43:57 PAGE 7   

 365   1      }
 366          
 367          
 368          void main ()
 369          {
 370   1        lcd_init();
 371   1        lcd_command(0x80);
 372   1        lcd_string("simple");
 373   1        lcd_command(0xC0);
 374   1        lcd_string("calculator");
 375   1        delay(150);
 376   1        lcd_command(0x01);
 377   1        while(1)
 378   1        {
 379   2          row();
 380   2        }
 381   1      }
 382          
 383            
 384          
 385          


MODULE INFORMATION:   STATIC OVERLAYABLE
   CODE SIZE        =   1267    ----
   CONSTANT SIZE    =     24    ----
   XDATA SIZE       =   ----    ----
   PDATA SIZE       =   ----    ----
   DATA SIZE        =      8       2
   IDATA SIZE       =   ----    ----
   BIT SIZE         =   ----    ----
END OF MODULE INFORMATION.


C51 COMPILATION COMPLETE.  0 WARNING(S),  0 ERROR(S)
