C51 COMPILER V9.60.7.0   7SD                                                               09/24/2024 15:54:54 PAGE 1   


C51 COMPILER V9.60.7.0, COMPILATION OF MODULE 7SD
OBJECT MODULE PLACED IN .\Objects\7sd.obj
COMPILER INVOKED BY: C:\Keil_v5\C51\BIN\C51.EXE 7sd.c OPTIMIZE(8,SPEED) BROWSE DEBUG OBJECTEXTEND PRINT(.\Listings\7sd.l
                    -st) TABS(2) OBJECT(.\Objects\7sd.obj)

line level    source

   1          #include <reg51.h>
   2          
   3          
   4          void display_num7_seg(unsigned char);
   5          void values_on_ssd(void);
   6          
   7          unsigned char indexx=0;
   8          unsigned int select[]={0x0C, 0x08, 0x04, 0x00};
   9          unsigned int massege[]={0x3F, 0x06, 0x5B, 0x4F, 0x66, 0x6D, 0x7D, 0x07, 0x7F, 0x6F};
  10          unsigned char values[4];
  11          
  12          void display_num7_seg(unsigned char num)
  13          {
  14   1        int i=3;
  15   1        while(num!=0)
  16   1        {
  17   2          values[i]=num%10;
  18   2          num=num/10;
  19   2          i--;
  20   2        }
  21   1      }
  22          
  23          void values_on_ssd (void)
  24          {
  25   1        switch(values[indexx])
  26   1        {
  27   2          case 0:
  28   2          {
  29   3            P2=select[indexx];
  30   3            P0=massege[0];
  31   3          }
  32   2          break;
  33   2          case 1:
  34   2          {
  35   3            P2=select[indexx];
  36   3            P0=massege[1];
  37   3          
  38   3          }
  39   2            break;
  40   2          case 2:
  41   2          {
  42   3            P2=select[indexx];
  43   3            P0=massege[2];
  44   3            
  45   3          }
  46   2            break;
  47   2          case 3:
  48   2          {
  49   3            P2=select[indexx];
  50   3            P0=massege[3];
  51   3            
  52   3          }
  53   2            break;
  54   2          case 4:
C51 COMPILER V9.60.7.0   7SD                                                               09/24/2024 15:54:54 PAGE 2   

  55   2          {
  56   3            P2=select[indexx];
  57   3            P0=massege[4];
  58   3            
  59   3          }
  60   2            break;
  61   2          case 5:
  62   2          {
  63   3            P2=select[indexx];
  64   3            P0=massege[5];
  65   3            
  66   3          }
  67   2            break;
  68   2          case 6:
  69   2          {
  70   3            P2=select[indexx];
  71   3            P0=massege[6];
  72   3            
  73   3          }
  74   2            break;
  75   2          case 7:
  76   2          {
  77   3            P2=select[indexx];
  78   3            P0=massege[7];
  79   3            
  80   3          }
  81   2            break;
  82   2          case 8:
  83   2          {
  84   3            P2=select[indexx];
  85   3            P0=massege[8];
  86   3            
  87   3          }
  88   2            break;
  89   2          case 9:
  90   2          {
  91   3            P2=select[indexx];
  92   3            P0=massege[9];
  93   3          }
  94   2          break;
  95   2          default:
  96   2            break;
  97   2        }
  98   1        indexx+=1;
  99   1        if(indexx>3)
 100   1        {
 101   2          indexx=0;
 102   2        }
 103   1      }


MODULE INFORMATION:   STATIC OVERLAYABLE
   CODE SIZE        =    254    ----
   CONSTANT SIZE    =   ----    ----
   XDATA SIZE       =   ----    ----
   PDATA SIZE       =   ----    ----
   DATA SIZE        =     33    ----
   IDATA SIZE       =   ----    ----
   BIT SIZE         =   ----    ----
END OF MODULE INFORMATION.


C51 COMPILATION COMPLETE.  0 WARNING(S),  0 ERROR(S)
