C51 COMPILER V9.60.7.0   LCD                                                               09/24/2024 15:54:53 PAGE 1   


C51 COMPILER V9.60.7.0, COMPILATION OF MODULE LCD
OBJECT MODULE PLACED IN .\Objects\LCD.obj
COMPILER INVOKED BY: C:\Keil_v5\C51\BIN\C51.EXE LCD.c OPTIMIZE(8,SPEED) BROWSE DEBUG OBJECTEXTEND PRINT(.\Listings\LCD.l
                    -st) TABS(2) OBJECT(.\Objects\LCD.obj)

line level    source

   1          #include <reg51.h>
   2          #include <string.h>
   3          
   4          
   5          void lcd_init();
   6          void lcd_command(unsigned char cmd);
   7          void lcd_char(unsigned char dat);
   8          void lcd_string(unsigned char *str);
   9          void delay (unsigned int);
  10          void lcd_set_cursor(unsigned char row, unsigned char col);
  11          void lcd_display(unsigned char number);
  12          void delay (unsigned int time);
  13          
  14          
  15          #define lcd_data P0
  16          sbit RW=P2^5;
  17          sbit RS=P2^6;
  18          sbit EN=P2^7;
  19          
  20          void lcd_init()
  21          {
  22   1        lcd_command(0x38);
  23   1        lcd_command(0x0C);
  24   1        lcd_command(0x01);
  25   1        lcd_command(0x80);
  26   1      }
  27          
  28          
  29          void lcd_command(unsigned char cmd)
  30          {
  31   1        lcd_data=cmd;
  32   1        RW=0;
  33   1        RS=0;
  34   1        EN=1;
  35   1        delay(10);
  36   1        EN=0;
  37   1        delay(10);
  38   1      }
  39          
  40          
  41          void lcd_char(unsigned char dat)
  42          {
  43   1        lcd_data=dat;
  44   1        RW=0;
  45   1        RS=1;
  46   1        EN=1;
  47   1        delay(10);
  48   1        EN=0;
  49   1        delay(10);
  50   1      }
  51          
  52          
  53          void lcd_string(unsigned char *str)
  54          {
C51 COMPILER V9.60.7.0   LCD                                                               09/24/2024 15:54:53 PAGE 2   

  55   1        int i;
  56   1        for(i=0; str[i]!=0; i++)
  57   1        {
  58   2          lcd_char(str[i]);
  59   2        } 
  60   1      }
  61          
  62          
  63          void delay (unsigned int time)
  64          {
  65   1        unsigned int i,j;
  66   1        for(i=0; i<time; i++)
  67   1        for(j=0; j<112; j++);
  68   1        
  69   1      }


MODULE INFORMATION:   STATIC OVERLAYABLE
   CODE SIZE        =    137    ----
   CONSTANT SIZE    =   ----    ----
   XDATA SIZE       =   ----    ----
   PDATA SIZE       =   ----    ----
   DATA SIZE        =   ----       5
   IDATA SIZE       =   ----    ----
   BIT SIZE         =   ----    ----
END OF MODULE INFORMATION.


C51 COMPILATION COMPLETE.  0 WARNING(S),  0 ERROR(S)
