C51 COMPILER V9.60.7.0   MAIN                                                              09/24/2024 15:54:53 PAGE 1   


C51 COMPILER V9.60.7.0, COMPILATION OF MODULE MAIN
OBJECT MODULE PLACED IN .\Objects\main.obj
COMPILER INVOKED BY: C:\Keil_v5\C51\BIN\C51.EXE main.c OPTIMIZE(8,SPEED) BROWSE DEBUG OBJECTEXTEND PRINT(.\Listings\main
                    -.lst) TABS(2) OBJECT(.\Objects\main.obj)

line level    source

   1          #include <reg51.h>
   2          #include "TEMP.h"
   3          #include "LCD.h"
   4          #include "7SD.h"
   5          
   6          
   7          //sbit A= P2^2;
   8          //sbit D= P2^3;
   9          //sbit C= P2^4;
  10          
  11          unsigned int index=0;
  12          sbit buzzer_pin=P1^5;
  13          
  14          void timer0_interupt (void) interrupt 1   //50 ms
  15          {
  16   1        index+=1;
  17   1        if(index==400)
  18   1        {
  19   2          lcd_command (0x80);
  20   2          lcd_string("TEMPERATURE IS:");
  21   2          
  22   2          lcd_command (0xC0);
  23   2          read_temperature();
  24   2          hex2lcd(temp_c);
  25   2          lcd_string("c");
  26   2          index=0;
  27   2        }   
  28   1        display_num7_seg(temp_c);
  29   1        values_on_ssd();
  30   1        
  31   1        if(temp_c>=32)
  32   1        {
  33   2          buzzer_pin=0;
  34   2          delay(2);
  35   2          buzzer_pin=1;
  36   2          delay(2);
  37   2        }
  38   1        buzzer_pin=1;
  39   1        TH0=0xFC;
  40   1        TL0=0x18;
  41   1      }
  42            
  43            
  44          void main ()
  45          {   
  46   1      //  A=1; D=1; C=1;
  47   1      //  P0=0xFF;
  48   1      //  A=1; D=1; C=0;
  49   1      //  P0=0x79;
  50   1        
  51   1        lcd_init();
  52   1      
  53   1        IE=0x82;
  54   1        //EA=1;
C51 COMPILER V9.60.7.0   MAIN                                                              09/24/2024 15:54:53 PAGE 2   

  55   1        //ET0=1;
  56   1        
  57   1        TMOD=0x21;
  58   1        SCON=0x50;                     
  59   1        TH1=0xFD;   // 9600
  60   1        TH0=0xFC;
  61   1        TL0=0x18;
  62   1        TR0=1;
  63   1        TR1=1;
  64   1        while(1)
  65   1        {
  66   2          
  67   2         temp_serialdata_pc ();
  68   2         // display_num_serial(temp_c);
  69   2          //serial_data();
  70   2        }
  71   1      }
  72          
  73          
  74          


MODULE INFORMATION:   STATIC OVERLAYABLE
   CODE SIZE        =    187    ----
   CONSTANT SIZE    =     18    ----
   XDATA SIZE       =   ----    ----
   PDATA SIZE       =   ----    ----
   DATA SIZE        =      2    ----
   IDATA SIZE       =   ----    ----
   BIT SIZE         =   ----    ----
END OF MODULE INFORMATION.


C51 COMPILATION COMPLETE.  0 WARNING(S),  0 ERROR(S)
