C51 COMPILER V9.60.7.0   TEMP                                                              09/24/2024 15:54:53 PAGE 1   


C51 COMPILER V9.60.7.0, COMPILATION OF MODULE TEMP
OBJECT MODULE PLACED IN .\Objects\Temp.obj
COMPILER INVOKED BY: C:\Keil_v5\C51\BIN\C51.EXE Temp.c OPTIMIZE(8,SPEED) BROWSE DEBUG OBJECTEXTEND PRINT(.\Listings\Temp
                    -.lst) TABS(2) OBJECT(.\Objects\Temp.obj)

line level    source

   1          #include <reg51.h>
   2          #include "LCD.h"
   3          
   4          unsigned char temp_lsb=0; temp_msb=0;
   5          unsigned char unit, ten, hundred, intpart, decpart;
   6          char temp_f;
   7          unsigned char temp_c;
   8          sbit DQ=P3^7;
   9          
  10          
  11          
  12          void ow_reset (void);
  13          unsigned char read_byte (void);
  14          void write_byte (char);
  15          void delay_18B20(unsigned int);
  16          void read_temperature(void);
  17          void hex2lcd (unsigned char hex);
  18          void temp_serialdata_pc (void);
  19          
  20          
  21          void temp_serialdata_pc (void)
  22          {
  23   1        SBUF=hundred;
  24   1          while(TI==0);
  25   1            TI=0;
  26   1          delay(100);
  27   1          
  28   1            SBUF=ten;
  29   1          while(TI==0);                     //  tempdata send to pc
  30   1            TI=0;
  31   1          delay(100);
  32   1          
  33   1            SBUF=unit;
  34   1          while(TI==0);
  35   1            TI=0;
  36   1          delay(100);
  37   1          
  38   1        
  39   1        SBUF='\n';
  40   1          while(TI==0);
  41   1            TI=0;
  42   1          delay(100);
  43   1      } 
  44          
  45          
  46          void ow_reset (void)
  47          {
  48   1        DQ=1;
  49   1        delay_18B20(8);
  50   1        DQ=0;
  51   1        delay_18B20(65);
  52   1        DQ=1;
  53   1        delay_18B20(20);  
  54   1      }
C51 COMPILER V9.60.7.0   TEMP                                                              09/24/2024 15:54:53 PAGE 2   

  55          
  56          
  57          void delay_18B20 (unsigned int ud)
  58          {
  59   1        while(ud--);
  60   1      }
  61          
  62          
  63          unsigned char read_byte (void)
  64          {
  65   1        unsigned char i=0;
  66   1        unsigned char dat=0;
  67   1        for(i=8; i>0; i--)
  68   1        {
  69   2          DQ=0;
  70   2          dat>>=1;
  71   2          DQ=1;
  72   2          if(DQ)
  73   2          
  74   2            dat |= 0x80;
  75   2            delay_18B20(4);
  76   2          
  77   2        }
  78   1        return(dat);
  79   1      }
  80          
  81          void write_byte (char dat)
  82          {
  83   1        unsigned char i=0;
  84   1        for(i=8; i>0; i--)
  85   1        {
  86   2          DQ=0;
  87   2          DQ=dat&0x01;
  88   2          delay_18B20(5);
  89   2          DQ=1;
  90   2          dat>>=1;
  91   2        
  92   2        }
  93   1      }
  94          
  95          void read_temperature(void)
  96          {
  97   1        ow_reset();
  98   1        write_byte(0xCC); // skip rom
  99   1        write_byte(0x44); //start conversion measure temp and convert into digital
 100   1        delay_18B20(10);
 101   1        ow_reset();
 102   1        write_byte(0xCC); // skip rom
 103   1        write_byte(0xBE);// read scratchpad memory
 104   1        delay_18B20(10);
 105   1        
 106   1        temp_msb=read_byte();
 107   1        temp_lsb=read_byte();
 108   1        
 109   1        temp_c=((temp_lsb*256+temp_msb)>>4);
 110   1        temp_f=(((int)temp_c)*9)/5+32;
 111   1      }
 112          
 113          void hex2lcd (unsigned char z)
 114          {
 115   1        hundred=(z/100)+0x30;
 116   1        ten=(z%100/10)+0x30;
C51 COMPILER V9.60.7.0   TEMP                                                              09/24/2024 15:54:53 PAGE 3   

 117   1        unit=(z%10)+0x30;
 118   1        intpart=(int)z;
 119   1        decpart=(z-intpart)+0x30;
 120   1        
 121   1        lcd_char(hundred);
 122   1        lcd_char(ten);
 123   1        lcd_char(unit);
 124   1        lcd_string(".");
 125   1        lcd_char(decpart);
 126   1      }
 127          


MODULE INFORMATION:   STATIC OVERLAYABLE
   CODE SIZE        =    319    ----
   CONSTANT SIZE    =      2    ----
   XDATA SIZE       =   ----    ----
   PDATA SIZE       =   ----    ----
   DATA SIZE        =     10    ----
   IDATA SIZE       =   ----    ----
   BIT SIZE         =   ----    ----
END OF MODULE INFORMATION.


C51 COMPILATION COMPLETE.  0 WARNING(S),  0 ERROR(S)
