C51 COMPILER V9.60.7.0   MAIN                                                              09/25/2024 14:49:52 PAGE 1   


C51 COMPILER V9.60.7.0, COMPILATION OF MODULE MAIN
OBJECT MODULE PLACED IN .\Objects\main.obj
COMPILER INVOKED BY: C:\Keil_v5\C51\BIN\C51.EXE main.c OPTIMIZE(8,SPEED) BROWSE DEBUG OBJECTEXTEND PRINT(.\Listings\main
                    -.lst) TABS(2) OBJECT(.\Objects\main.obj)

line level    source

   1          #include <reg51.h>
   2          sbit motor_pin= P2^0;
   3          
   4          unsigned int x=0;
   5          
   6          void timer0 (void) interrupt 1
   7            {
   8   1          x++;
   9   1          if(x==45)
  10   1          {   
  11   2            motor_pin=0;    
  12   2          }
  13   1          else if(x==400)
  14   1            {
  15   2              motor_pin=1;
  16   2              x=0;
  17   2            } 
  18   1        }
  19          
  20          void main()
  21            {
  22   1          TMOD=0x02;
  23   1          TH0=0xD1;
  24   1          EA=1;
  25   1          ET0=1;
  26   1          TR0=1;
  27   1          motor_pin=0;
  28   1          while(1)
  29   1          {  
  30   2            
  31   2          }
  32   1        }


MODULE INFORMATION:   STATIC OVERLAYABLE
   CODE SIZE        =     61    ----
   CONSTANT SIZE    =   ----    ----
   XDATA SIZE       =   ----    ----
   PDATA SIZE       =   ----    ----
   DATA SIZE        =      2    ----
   IDATA SIZE       =   ----    ----
   BIT SIZE         =   ----    ----
END OF MODULE INFORMATION.


C51 COMPILATION COMPLETE.  0 WARNING(S),  0 ERROR(S)
