C51 COMPILER V9.60.7.0   TASK_12_3                                                         04/04/2024 11:01:53 PAGE 1   


C51 COMPILER V9.60.7.0, COMPILATION OF MODULE TASK_12_3
OBJECT MODULE PLACED IN .\Objects\Task_12_3.obj
COMPILER INVOKED BY: C:\Keil_v5\C51\BIN\C51.EXE Task_12_3.c OPTIMIZE(8,SPEED) BROWSE DEBUG OBJECTEXTEND PRINT(.\Listings
                    -\Task_12_3.lst) TABS(2) OBJECT(.\Objects\Task_12_3.obj)

line level    source

   1          #include <reg51.h>  
   2          
   3          sbit SEG_PORT_1 = P2^2;  
   4          sbit SEG_PORT_2 = P2^3;
   5          sbit SEG_PORT_3 = P2^4;
   6          
   7          void T0M1Delay(void);
   8          
   9          void main() {
  10   1          
  11   1          while (1) 
  12   1            {
  13   2              SEG_PORT_1 = 0; 
  14   2              SEG_PORT_2 = 0;
  15   2              SEG_PORT_3 = 0;
  16   2              T0M1Delay();
  17   2            
  18   2              SEG_PORT_1 = 1;  
  19   2              SEG_PORT_2 = 0;
  20   2              SEG_PORT_3 = 0;
  21   2              T0M1Delay();
  22   2              
  23   2              SEG_PORT_1 = 0; 
  24   2              SEG_PORT_2 = 1;
  25   2              SEG_PORT_3 = 0;
  26   2              T0M1Delay();
  27   2            
  28   2              SEG_PORT_1 = 1;  
  29   2              SEG_PORT_2 = 1;
  30   2              SEG_PORT_3 = 0;
  31   2              T0M1Delay();
  32   2      
  33   2              SEG_PORT_1 = 0; 
  34   2              SEG_PORT_2 = 0;
  35   2              SEG_PORT_3 = 1;
  36   2              T0M1Delay();
  37   2            
  38   2              SEG_PORT_1 = 1;  
  39   2              SEG_PORT_2 = 0;
  40   2              SEG_PORT_3 = 1;
  41   2              T0M1Delay();
  42   2      
  43   2              SEG_PORT_1 = 0; 
  44   2              SEG_PORT_2 = 1;
  45   2              SEG_PORT_3 = 1;
  46   2              T0M1Delay();
  47   2            
  48   2              SEG_PORT_1 = 1;  
  49   2              SEG_PORT_2 = 1;
  50   2              SEG_PORT_3 = 1;
  51   2              T0M1Delay();
  52   2            }
  53   1        
  54   1      }
C51 COMPILER V9.60.7.0   TASK_12_3                                                         04/04/2024 11:01:53 PAGE 2   

  55          
  56          
  57          
  58          void T0M1Delay(void)
  59            {
  60   1          unsigned int  x;
  61   1          for(x=0;x<10;x++)
  62   1            {
  63   2              TMOD=0x01;
  64   2              TL0=0xFD;
  65   2              TH0=0x4B;
  66   2              TR0=1;
  67   2              while (TF0==0);
  68   2              TR0=0;
  69   2              TF0=0;
  70   2            }
  71   1      }
  72          
  73          
  74          


MODULE INFORMATION:   STATIC OVERLAYABLE
   CODE SIZE        =    107    ----
   CONSTANT SIZE    =   ----    ----
   XDATA SIZE       =   ----    ----
   PDATA SIZE       =   ----    ----
   DATA SIZE        =   ----    ----
   IDATA SIZE       =   ----    ----
   BIT SIZE         =   ----    ----
END OF MODULE INFORMATION.


C51 COMPILATION COMPLETE.  0 WARNING(S),  0 ERROR(S)
