C51 COMPILER V9.60.7.0   TASK_3A                                                           09/20/2024 10:47:02 PAGE 1   


C51 COMPILER V9.60.7.0, COMPILATION OF MODULE TASK_3A
OBJECT MODULE PLACED IN .\Objects\task_3a.obj
COMPILER INVOKED BY: C:\Keil_v5\C51\BIN\C51.EXE task_3a.c OPTIMIZE(8,SPEED) BROWSE DEBUG OBJECTEXTEND PRINT(.\Listings\t
                    -ask_3a.lst) TABS(2) OBJECT(.\Objects\task_3a.obj)

line level    source

   1          #include <reg51.h>
   2          
   3          #define Port P2
   4          
   5          void MSDelay(unsigned int);
   6          
   7          void main(){   
   8   1        while(1)
   9   1        {
  10   2            Port = 0x00;
  11   2            Port = Port | 0xFE;
  12   2            MSDelay(500);
  13   2            
  14   2            Port = 0xFF;
  15   2            MSDelay(500);   
  16   2      
  17   2        }
  18   1      }
  19          
  20          
  21          void MSDelay(unsigned int itime)
  22            {
  23   1          unsigned int i,j;
  24   1          for(i=0;i<itime;i++)
  25   1            for(j=0;j<114;j++);
  26   1        }


MODULE INFORMATION:   STATIC OVERLAYABLE
   CODE SIZE        =     57    ----
   CONSTANT SIZE    =   ----    ----
   XDATA SIZE       =   ----    ----
   PDATA SIZE       =   ----    ----
   DATA SIZE        =   ----    ----
   IDATA SIZE       =   ----    ----
   BIT SIZE         =   ----    ----
END OF MODULE INFORMATION.


C51 COMPILATION COMPLETE.  0 WARNING(S),  0 ERROR(S)
