C51 COMPILER V9.60.7.0   KEYPAD                                                            09/25/2024 12:21:50 PAGE 1   


C51 COMPILER V9.60.7.0, COMPILATION OF MODULE KEYPAD
OBJECT MODULE PLACED IN .\Objects\keypad.obj
COMPILER INVOKED BY: C:\Keil_v5\C51\BIN\C51.EXE keypad.c OPTIMIZE(8,SPEED) BROWSE DEBUG OBJECTEXTEND PRINT(.\Listings\ke
                    -ypad.lst) TABS(2) OBJECT(.\Objects\keypad.obj)

line level    source

   1          #include <reg51.h>
   2          #include "LCD.h"
   3          #include "KEYPAD_1.h"
   4          #include "SEVEN.h"
*** WARNING C318 IN LINE 4 OF keypad.c: can't open file 'SEVEN.h'
   5          
   6          
   7          sbit c4=P1^0;
   8          sbit c3=P1^1;
   9          sbit c2=P1^2;
  10          sbit c1=P1^3;
  11          sbit r4=P1^4;
  12          sbit r3=P1^5;
  13          sbit r2=P1^6;
  14          sbit r1=P1^7;
  15          
  16          
  17          void keypad ()
  18          {
  19   1        c1=c2=c3=c4=1;
  20   1        r1=0;r2=1;r3=1;r4=1;
  21   1        if(c1==0)
  22   1        {
  23   2          while(c1==0);
  24   2            lcd_char('7');
  25   2            
  26   2        }
  27   1        else if(c2==0)
  28   1        {
  29   2          while(c2==0);
  30   2          lcd_char('8');
  31   2          
  32   2        }
  33   1        else if(c3==0)
  34   1        {
  35   2          while(c3==0);
  36   2          lcd_char('9');
  37   2          
  38   2        }
  39   1        else if(c4==0)
  40   1        {
  41   2          while(c4==0);
  42   2          lcd_char('/');
  43   2        }
  44   1        
  45   1        
  46   1        r1=1;r2=0;r3=1;r4=1;
  47   1        if(c1==0)
  48   1        {
  49   2          while(c1==0);
  50   2            lcd_char('4');
  51   2        }
  52   1        else if(c2==0)
  53   1        {
C51 COMPILER V9.60.7.0   KEYPAD                                                            09/25/2024 12:21:50 PAGE 2   

  54   2          while(c2==0);
  55   2          lcd_char('5');
  56   2        }
  57   1        else if(c3==0)
  58   1        {
  59   2          while(c3==0);
  60   2          lcd_char('6');
  61   2        }
  62   1        else if(c4==0)
  63   1        {
  64   2          while(c4==0);
  65   2          lcd_char('*');
  66   2        }
  67   1        
  68   1        r1=1;r2=1;r3=0;r4=1;
  69   1        if(c1==0)
  70   1        {
  71   2          while(c1==0);
  72   2          lcd_char('1');
  73   2        }
  74   1        else if(c2==0)
  75   1        {
  76   2          while(c2==0);
  77   2          lcd_char('2');
  78   2        }
  79   1        else if(c3==0)
  80   1        {
  81   2          while(c3==0);
  82   2          lcd_char('3');
  83   2        }
  84   1        else if(c4==0)
  85   1        {
  86   2          while(c4==0);
  87   2          lcd_char('-');
  88   2        }
  89   1        
  90   1        
  91   1        r1=1;r2=1;r3=1;r4=0;
  92   1        if(c1==0)
  93   1        {
  94   2          while(c1==0);
  95   2            lcd_command(0x01);
  96   2        }
  97   1        else if(c2==0)
  98   1        {
  99   2          while(c2==0);
 100   2          lcd_char('0');
 101   2        }
 102   1        else if(c3==0)
 103   1        {
 104   2          while(c3==0);
 105   2          lcd_char('=');
 106   2        }
 107   1        else if(c4==0)
 108   1        {
 109   2          while(c4==0);
 110   2          lcd_char('+');
 111   2        }
 112   1        
 113   1      }
 114          
 115          
C51 COMPILER V9.60.7.0   KEYPAD                                                            09/25/2024 12:21:50 PAGE 3   

 116          
 117          
 118          


MODULE INFORMATION:   STATIC OVERLAYABLE
   CODE SIZE        =    206    ----
   CONSTANT SIZE    =   ----    ----
   XDATA SIZE       =   ----    ----
   PDATA SIZE       =   ----    ----
   DATA SIZE        =   ----    ----
   IDATA SIZE       =   ----    ----
   BIT SIZE         =   ----    ----
END OF MODULE INFORMATION.


C51 COMPILATION COMPLETE.  1 WARNING(S),  0 ERROR(S)
